#
# There is insufficient memory for the Java Runtime Environment to continue.
# Native memory allocation (malloc) failed to allocate 1860496 bytes for Chunk::new
# Possible reasons:
#   The system is out of physical RAM or swap space
#   The process is running with CompressedOops enabled, and the Java Heap may be blocking the growth of the native heap
# Possible solutions:
#   Reduce memory load on the system
#   Increase physical memory or swap space
#   Check if swap backing store is full
#   Decrease Java heap size (-Xmx/-Xms)
#   Decrease number of Java threads
#   Decrease Java thread stack sizes (-Xss)
#   Set larger code cache with -XX:ReservedCodeCacheSize=
#   JVM is running with Unscaled Compressed Oops mode in which the Java heap is
#     placed in the first 4GB address space. The Java Heap base address is the
#     maximum limit for the native heap growth. Please use -XX:HeapBaseMinAddress
#     to set the Java Heap base and to place the Java Heap above 4GB virtual address.
# This output file may be truncated or incomplete.
#
#  Out of Memory Error (arena.cpp:189), pid=14200, tid=17252
#
# JRE version: Java(TM) SE Runtime Environment (17.0.7+8) (build 17.0.7+8-LTS-224)
# Java VM: Java HotSpot(TM) 64-Bit Server VM (17.0.7+8-LTS-224, mixed mode, sharing, tiered, compressed oops, compressed class ptrs, g1 gc, windows-amd64)
# No core dump will be written. Minidumps are not enabled by default on client versions of Windows
#

---------------  S U M M A R Y ------------

Command Line: -javaagent:C:\Program Files\JetBrains\IntelliJ IDEA Community Edition 2025.2.4\lib\idea_rt.jar=51317 -Dfile.encoding=UTF-8 co.edu.unicauca.document_management.DocumentManagementApplication

Host: AMD Ryzen 3 3250U with Radeon Graphics         , 4 cores, 3G,  Windows 11 , 64 bit Build 26100 (10.0.26100.6725)
Time: Sun Nov  2 20:19:15 2025 Hora est. Pacífico, Sudamérica elapsed time: 4.656336 seconds (0d 0h 0m 4s)

---------------  T H R E A D  ---------------

Current thread (0x000001e598c07830):  JavaThread "C2 CompilerThread0" daemon [_thread_in_native, id=17252, stack(0x000000d2e7500000,0x000000d2e7600000)]


Current CompileTask:
C2:   4656 2062       4       java.lang.invoke.MethodType::makeImpl (109 bytes)

Stack: [0x000000d2e7500000,0x000000d2e7600000]
Native frames: (J=compiled Java code, j=interpreted, Vv=VM code, C=native code)
V  [jvm.dll+0x676a4a]
V  [jvm.dll+0x7d74f4]
V  [jvm.dll+0x7d8c9e]
V  [jvm.dll+0x7d9303]
V  [jvm.dll+0x2452c5]
V  [jvm.dll+0xaaa2b]
V  [jvm.dll+0xaafcc]
V  [jvm.dll+0x3613cf]
V  [jvm.dll+0x32bba1]
V  [jvm.dll+0x32b03a]
V  [jvm.dll+0x217acf]
V  [jvm.dll+0x216f01]
V  [jvm.dll+0x1a35e0]
V  [jvm.dll+0x226a6e]
V  [jvm.dll+0x224e15]
V  [jvm.dll+0x78d05c]
V  [jvm.dll+0x78759a]
V  [jvm.dll+0x675875]
C  [ucrtbase.dll+0x37b0]
C  [KERNEL32.DLL+0x2e8d7]
C  [ntdll.dll+0x8c53c]


---------------  P R O C E S S  ---------------

Threads class SMR info:
_java_thread_list=0x000001e59a387bd0, length=17, elements={
0x000001e5fdf4a030, 0x000001e5fdffb9e0, 0x000001e5fdffd100, 0x000001e5fe00d410,
0x000001e5fe00dfc0, 0x000001e598c00b20, 0x000001e598c06b90, 0x000001e598c07830,
0x000001e598c1b700, 0x000001e598c357c0, 0x000001e5fdfe9e30, 0x000001e599c486d0,
0x000001e599882f50, 0x000001e599c5da90, 0x000001e59a1a4540, 0x000001e59a6ffbb0,
0x000001e59a61c900
}

Java Threads: ( => current thread )
  0x000001e5fdf4a030 JavaThread "main" [_thread_blocked, id=18080, stack(0x000000d2e6800000,0x000000d2e6900000)]
  0x000001e5fdffb9e0 JavaThread "Reference Handler" daemon [_thread_blocked, id=18756, stack(0x000000d2e6f00000,0x000000d2e7000000)]
  0x000001e5fdffd100 JavaThread "Finalizer" daemon [_thread_blocked, id=17888, stack(0x000000d2e7000000,0x000000d2e7100000)]
  0x000001e5fe00d410 JavaThread "Signal Dispatcher" daemon [_thread_blocked, id=18216, stack(0x000000d2e7100000,0x000000d2e7200000)]
  0x000001e5fe00dfc0 JavaThread "Attach Listener" daemon [_thread_blocked, id=17004, stack(0x000000d2e7200000,0x000000d2e7300000)]
  0x000001e598c00b20 JavaThread "Service Thread" daemon [_thread_blocked, id=19812, stack(0x000000d2e7300000,0x000000d2e7400000)]
  0x000001e598c06b90 JavaThread "Monitor Deflation Thread" daemon [_thread_blocked, id=19192, stack(0x000000d2e7400000,0x000000d2e7500000)]
=>0x000001e598c07830 JavaThread "C2 CompilerThread0" daemon [_thread_in_native, id=17252, stack(0x000000d2e7500000,0x000000d2e7600000)]
  0x000001e598c1b700 JavaThread "C1 CompilerThread0" daemon [_thread_blocked, id=17640, stack(0x000000d2e7600000,0x000000d2e7700000)]
  0x000001e598c357c0 JavaThread "Sweeper thread" daemon [_thread_blocked, id=8556, stack(0x000000d2e7700000,0x000000d2e7800000)]
  0x000001e5fdfe9e30 JavaThread "Common-Cleaner" daemon [_thread_blocked, id=20108, stack(0x000000d2e7800000,0x000000d2e7900000)]
  0x000001e599c486d0 JavaThread "Monitor Ctrl-Break" daemon [_thread_in_native, id=17436, stack(0x000000d2e7900000,0x000000d2e7a00000)]
  0x000001e599882f50 JavaThread "Notification Thread" daemon [_thread_blocked, id=2656, stack(0x000000d2e7a00000,0x000000d2e7b00000)]
  0x000001e599c5da90 JavaThread "Thread-0" [_thread_blocked, id=18712, stack(0x000000d2e7f00000,0x000000d2e8000000)]
  0x000001e59a1a4540 JavaThread "restartedMain" [_thread_in_Java, id=13692, stack(0x000000d2e8000000,0x000000d2e8100000)]
  0x000001e59a6ffbb0 JavaThread "background-preinit" [_thread_in_vm, id=19648, stack(0x000000d2e8100000,0x000000d2e8200000)]
  0x000001e59a61c900 JavaThread "C2 CompilerThread1" daemon [_thread_in_native, id=20076, stack(0x000000d2e8200000,0x000000d2e8300000)]

Other Threads:
  0x000001e5fdff63d0 VMThread "VM Thread" [stack: 0x000000d2e6e00000,0x000000d2e6f00000] [id=17212]
  0x000001e5fdf95140 WatcherThread [stack: 0x000000d2e7b00000,0x000000d2e7c00000] [id=15112]
  0x000001e5fdf83010 GCTaskThread "GC Thread#0" [stack: 0x000000d2e6900000,0x000000d2e6a00000] [id=1252]
  0x000001e599df7490 GCTaskThread "GC Thread#1" [stack: 0x000000d2e7c00000,0x000000d2e7d00000] [id=20408]
  0x000001e59a1312f0 GCTaskThread "GC Thread#2" [stack: 0x000000d2e7d00000,0x000000d2e7e00000] [id=4704]
  0x000001e59a1315a0 GCTaskThread "GC Thread#3" [stack: 0x000000d2e7e00000,0x000000d2e7f00000] [id=19816]
  0x000001e5fdf8add0 ConcurrentGCThread "G1 Main Marker" [stack: 0x000000d2e6a00000,0x000000d2e6b00000] [id=7860]
  0x000001e5fdf8c7f0 ConcurrentGCThread "G1 Conc#0" [stack: 0x000000d2e6b00000,0x000000d2e6c00000] [id=8620]
  0x000001e5fdfd2870 ConcurrentGCThread "G1 Refine#0" [stack: 0x000000d2e6c00000,0x000000d2e6d00000] [id=3108]
  0x000001e5fdfd3290 ConcurrentGCThread "G1 Service" [stack: 0x000000d2e6d00000,0x000000d2e6e00000] [id=15832]

Threads with active compile tasks:
C2 CompilerThread0     4712 2062       4       java.lang.invoke.MethodType::makeImpl (109 bytes)
C2 CompilerThread1     4713 2214       4       java.util.HashSet::add (20 bytes)

VM state: not at safepoint (normal execution)

VM Mutex/Monitor currently owned by a thread:  ([mutex/lock_event])
[0x000001e5fdf46dd0] MultiArray_lock - owner thread: 0x0000000000000000

Heap address: 0x00000000c8c00000, size: 884 MB, Compressed Oops mode: 32-bit

CDS archive(s) mapped at: [0x0000000800000000-0x0000000800bd0000-0x0000000800bd0000), size 12386304, SharedBaseAddress: 0x0000000800000000, ArchiveRelocationMode: 0.
Compressed class space mapped at: 0x0000000800c00000-0x0000000840c00000, reserved size: 1073741824
Narrow klass base: 0x0000000800000000, Narrow klass shift: 0, Narrow klass range: 0x100000000

GC Precious Log:
 CPUs: 4 total, 4 available
 Memory: 3534M
 Large Page Support: Disabled
 NUMA Support: Disabled
 Compressed Oops: Enabled (32-bit)
 Heap Region Size: 1M
 Heap Min Capacity: 8M
 Heap Initial Capacity: 56M
 Heap Max Capacity: 884M
 Pre-touch: Disabled
 Parallel Workers: 4
 Concurrent Workers: 1
 Concurrent Refinement Workers: 4
 Periodic GC: Disabled

Heap:
 garbage-first heap   total 57344K, used 33924K [0x00000000c8c00000, 0x0000000100000000)
  region size 1024K, 29 young (29696K), 3 survivors (3072K)
 Metaspace       used 16486K, committed 16896K, reserved 1064960K
  class space    used 2174K, committed 2368K, reserved 1048576K

Heap Regions: E=young(eden), S=young(survivor), O=old, HS=humongous(starts), HC=humongous(continues), CS=collection set, F=free, OA=open archive, CA=closed archive, TAMS=top-at-mark-start (previous, next)
|   0|0x00000000c8c00000, 0x00000000c8d00000, 0x00000000c8d00000|100%|HS|  |TAMS 0x00000000c8c00000, 0x00000000c8c00000| Complete 
|   1|0x00000000c8d00000, 0x00000000c8e00000, 0x00000000c8e00000|100%|HS|  |TAMS 0x00000000c8d00000, 0x00000000c8d00000| Complete 
|   2|0x00000000c8e00000, 0x00000000c8f00000, 0x00000000c8f00000|100%| O|  |TAMS 0x00000000c8e00000, 0x00000000c8e00000| Untracked 
|   3|0x00000000c8f00000, 0x00000000c9000000, 0x00000000c9000000|100%| O|  |TAMS 0x00000000c8f00000, 0x00000000c8f00000| Untracked 
|   4|0x00000000c9000000, 0x00000000c9100000, 0x00000000c9100000|100%| O|  |TAMS 0x00000000c9000000, 0x00000000c9000000| Untracked 
|   5|0x00000000c9100000, 0x00000000c9200000, 0x00000000c9200000|100%| O|  |TAMS 0x00000000c9100000, 0x00000000c9100000| Untracked 
|   6|0x00000000c9200000, 0x00000000c9300000, 0x00000000c9300000|100%| O|  |TAMS 0x00000000c9200000, 0x00000000c9200000| Untracked 
|   7|0x00000000c9300000, 0x00000000c9300000, 0x00000000c9400000|  0%| F|  |TAMS 0x00000000c9300000, 0x00000000c9300000| Untracked 
|   8|0x00000000c9400000, 0x00000000c9400000, 0x00000000c9500000|  0%| F|  |TAMS 0x00000000c9400000, 0x00000000c9400000| Untracked 
|   9|0x00000000c9500000, 0x00000000c9500000, 0x00000000c9600000|  0%| F|  |TAMS 0x00000000c9500000, 0x00000000c9500000| Untracked 
|  10|0x00000000c9600000, 0x00000000c9600000, 0x00000000c9700000|  0%| F|  |TAMS 0x00000000c9600000, 0x00000000c9600000| Untracked 
|  11|0x00000000c9700000, 0x00000000c9700000, 0x00000000c9800000|  0%| F|  |TAMS 0x00000000c9700000, 0x00000000c9700000| Untracked 
|  12|0x00000000c9800000, 0x00000000c9800000, 0x00000000c9900000|  0%| F|  |TAMS 0x00000000c9800000, 0x00000000c9800000| Untracked 
|  13|0x00000000c9900000, 0x00000000c9900000, 0x00000000c9a00000|  0%| F|  |TAMS 0x00000000c9900000, 0x00000000c9900000| Untracked 
|  14|0x00000000c9a00000, 0x00000000c9a00000, 0x00000000c9b00000|  0%| F|  |TAMS 0x00000000c9a00000, 0x00000000c9a00000| Untracked 
|  15|0x00000000c9b00000, 0x00000000c9b00000, 0x00000000c9c00000|  0%| F|  |TAMS 0x00000000c9b00000, 0x00000000c9b00000| Untracked 
|  16|0x00000000c9c00000, 0x00000000c9c00000, 0x00000000c9d00000|  0%| F|  |TAMS 0x00000000c9c00000, 0x00000000c9c00000| Untracked 
|  17|0x00000000c9d00000, 0x00000000c9d00000, 0x00000000c9e00000|  0%| F|  |TAMS 0x00000000c9d00000, 0x00000000c9d00000| Untracked 
|  18|0x00000000c9e00000, 0x00000000c9e00000, 0x00000000c9f00000|  0%| F|  |TAMS 0x00000000c9e00000, 0x00000000c9e00000| Untracked 
|  19|0x00000000c9f00000, 0x00000000c9f00000, 0x00000000ca000000|  0%| F|  |TAMS 0x00000000c9f00000, 0x00000000c9f00000| Untracked 
|  20|0x00000000ca000000, 0x00000000ca000000, 0x00000000ca100000|  0%| F|  |TAMS 0x00000000ca000000, 0x00000000ca000000| Untracked 
|  21|0x00000000ca100000, 0x00000000ca100000, 0x00000000ca200000|  0%| F|  |TAMS 0x00000000ca100000, 0x00000000ca100000| Untracked 
|  22|0x00000000ca200000, 0x00000000ca200000, 0x00000000ca300000|  0%| F|  |TAMS 0x00000000ca200000, 0x00000000ca200000| Untracked 
|  23|0x00000000ca300000, 0x00000000ca300000, 0x00000000ca400000|  0%| F|  |TAMS 0x00000000ca300000, 0x00000000ca300000| Untracked 
|  24|0x00000000ca400000, 0x00000000ca400000, 0x00000000ca500000|  0%| F|  |TAMS 0x00000000ca400000, 0x00000000ca400000| Untracked 
|  25|0x00000000ca500000, 0x00000000ca500000, 0x00000000ca600000|  0%| F|  |TAMS 0x00000000ca500000, 0x00000000ca500000| Untracked 
|  26|0x00000000ca600000, 0x00000000ca600000, 0x00000000ca700000|  0%| F|  |TAMS 0x00000000ca600000, 0x00000000ca600000| Untracked 
|  27|0x00000000ca700000, 0x00000000ca7e23f8, 0x00000000ca800000| 88%| E|  |TAMS 0x00000000ca700000, 0x00000000ca700000| Complete 
|  28|0x00000000ca800000, 0x00000000ca900000, 0x00000000ca900000|100%| E|  |TAMS 0x00000000ca800000, 0x00000000ca800000| Complete 
|  29|0x00000000ca900000, 0x00000000caa00000, 0x00000000caa00000|100%| E|CS|TAMS 0x00000000ca900000, 0x00000000ca900000| Complete 
|  30|0x00000000caa00000, 0x00000000cab00000, 0x00000000cab00000|100%| E|CS|TAMS 0x00000000caa00000, 0x00000000caa00000| Complete 
|  31|0x00000000cab00000, 0x00000000cac00000, 0x00000000cac00000|100%| E|CS|TAMS 0x00000000cab00000, 0x00000000cab00000| Complete 
|  32|0x00000000cac00000, 0x00000000cad00000, 0x00000000cad00000|100%| E|CS|TAMS 0x00000000cac00000, 0x00000000cac00000| Complete 
|  33|0x00000000cad00000, 0x00000000cae00000, 0x00000000cae00000|100%| E|CS|TAMS 0x00000000cad00000, 0x00000000cad00000| Complete 
|  34|0x00000000cae00000, 0x00000000cae21198, 0x00000000caf00000| 12%| S|CS|TAMS 0x00000000cae00000, 0x00000000cae00000| Complete 
|  35|0x00000000caf00000, 0x00000000cb000000, 0x00000000cb000000|100%| S|CS|TAMS 0x00000000caf00000, 0x00000000caf00000| Complete 
|  36|0x00000000cb000000, 0x00000000cb100000, 0x00000000cb100000|100%| S|CS|TAMS 0x00000000cb000000, 0x00000000cb000000| Complete 
|  37|0x00000000cb100000, 0x00000000cb200000, 0x00000000cb200000|100%| E|CS|TAMS 0x00000000cb100000, 0x00000000cb100000| Complete 
|  38|0x00000000cb200000, 0x00000000cb300000, 0x00000000cb300000|100%| E|CS|TAMS 0x00000000cb200000, 0x00000000cb200000| Complete 
|  39|0x00000000cb300000, 0x00000000cb400000, 0x00000000cb400000|100%| E|CS|TAMS 0x00000000cb300000, 0x00000000cb300000| Complete 
|  40|0x00000000cb400000, 0x00000000cb500000, 0x00000000cb500000|100%| E|CS|TAMS 0x00000000cb400000, 0x00000000cb400000| Complete 
|  41|0x00000000cb500000, 0x00000000cb600000, 0x00000000cb600000|100%| E|CS|TAMS 0x00000000cb500000, 0x00000000cb500000| Complete 
|  42|0x00000000cb600000, 0x00000000cb700000, 0x00000000cb700000|100%| E|CS|TAMS 0x00000000cb600000, 0x00000000cb600000| Complete 
|  43|0x00000000cb700000, 0x00000000cb800000, 0x00000000cb800000|100%| E|CS|TAMS 0x00000000cb700000, 0x00000000cb700000| Complete 
|  44|0x00000000cb800000, 0x00000000cb900000, 0x00000000cb900000|100%| E|CS|TAMS 0x00000000cb800000, 0x00000000cb800000| Complete 
|  45|0x00000000cb900000, 0x00000000cba00000, 0x00000000cba00000|100%| E|CS|TAMS 0x00000000cb900000, 0x00000000cb900000| Complete 
|  46|0x00000000cba00000, 0x00000000cbb00000, 0x00000000cbb00000|100%| E|CS|TAMS 0x00000000cba00000, 0x00000000cba00000| Complete 
|  47|0x00000000cbb00000, 0x00000000cbc00000, 0x00000000cbc00000|100%| E|CS|TAMS 0x00000000cbb00000, 0x00000000cbb00000| Complete 
|  48|0x00000000cbc00000, 0x00000000cbd00000, 0x00000000cbd00000|100%| E|CS|TAMS 0x00000000cbc00000, 0x00000000cbc00000| Complete 
|  49|0x00000000cbd00000, 0x00000000cbe00000, 0x00000000cbe00000|100%| E|CS|TAMS 0x00000000cbd00000, 0x00000000cbd00000| Complete 
|  50|0x00000000cbe00000, 0x00000000cbf00000, 0x00000000cbf00000|100%| E|CS|TAMS 0x00000000cbe00000, 0x00000000cbe00000| Complete 
|  51|0x00000000cbf00000, 0x00000000cc000000, 0x00000000cc000000|100%| E|CS|TAMS 0x00000000cbf00000, 0x00000000cbf00000| Complete 
|  52|0x00000000cc000000, 0x00000000cc100000, 0x00000000cc100000|100%| E|CS|TAMS 0x00000000cc000000, 0x00000000cc000000| Complete 
|  53|0x00000000cc100000, 0x00000000cc200000, 0x00000000cc200000|100%| E|CS|TAMS 0x00000000cc100000, 0x00000000cc100000| Complete 
|  54|0x00000000cc200000, 0x00000000cc300000, 0x00000000cc300000|100%| E|CS|TAMS 0x00000000cc200000, 0x00000000cc200000| Complete 
|  55|0x00000000cc300000, 0x00000000cc400000, 0x00000000cc400000|100%| E|CS|TAMS 0x00000000cc300000, 0x00000000cc300000| Complete 

Card table byte_map: [0x000001e5fe010000,0x000001e5fe1d0000] _byte_map_base: 0x000001e5fd9ca000

Marking Bits (Prev, Next): (CMBitMap*) 0x000001e5fdf83620, (CMBitMap*) 0x000001e5fdf83660
 Prev Bits: [0x000001e5fe390000, 0x000001e5ff160000)
 Next Bits: [0x000001e5ff160000, 0x000001e5fff30000)

Polling page: 0x000001e5fbfa0000

Metaspace:

Usage:
  Non-class:     13.98 MB used.
      Class:      2.12 MB used.
       Both:     16.10 MB used.

Virtual space:
  Non-class space:       16.00 MB reserved,      14.19 MB ( 89%) committed,  2 nodes.
      Class space:        1.00 GB reserved,       2.31 MB ( <1%) committed,  1 nodes.
             Both:        1.02 GB reserved,      16.50 MB (  2%) committed. 

Chunk freelists:
   Non-Class:  1.23 MB
       Class:  1.73 MB
        Both:  2.96 MB

MaxMetaspaceSize: unlimited
CompressedClassSpaceSize: 1.00 GB
Initial GC threshold: 21.00 MB
Current GC threshold: 21.00 MB
CDS: on
MetaspaceReclaimPolicy: balanced
 - commit_granule_bytes: 65536.
 - commit_granule_words: 8192.
 - virtual_space_node_default_size: 1048576.
 - enlarge_chunks_in_place: 1.
 - new_chunks_are_fully_committed: 0.
 - uncommit_free_chunks: 1.
 - use_allocation_guard: 0.
 - handle_deallocations: 1.


Internal statistics:

num_allocs_failed_limit: 0.
num_arena_births: 352.
num_arena_deaths: 0.
num_vsnodes_births: 3.
num_vsnodes_deaths: 0.
num_space_committed: 264.
num_space_uncommitted: 0.
num_chunks_returned_to_freelist: 0.
num_chunks_taken_from_freelist: 889.
num_chunk_merges: 0.
num_chunk_splits: 607.
num_chunks_enlarged: 457.
num_purges: 0.
num_inconsistent_stats: 0.

CodeHeap 'non-profiled nmethods': size=120000Kb used=910Kb max_used=910Kb free=119089Kb
 bounds [0x000001e58f280000, 0x000001e58f4f0000, 0x000001e5967b0000]
CodeHeap 'profiled nmethods': size=120000Kb used=4300Kb max_used=4300Kb free=115699Kb
 bounds [0x000001e5877b0000, 0x000001e587bf0000, 0x000001e58ece0000]
CodeHeap 'non-nmethods': size=5760Kb used=1195Kb max_used=1239Kb free=4564Kb
 bounds [0x000001e58ece0000, 0x000001e58ef50000, 0x000001e58f280000]
 total_blobs=2724 nmethods=2226 adapters=410
 compilation: enabled
              stopped_count=0, restarted_count=0
 full_count=0

Compilation events (20 events):
Event: 4.621 Thread 0x000001e598c1b700 nmethod 2168 0x000001e587bcc590 code [0x000001e587bcc760, 0x000001e587bccad8]
Event: 4.621 Thread 0x000001e598c1b700 2169       1       org.springframework.core.annotation.AnnotationTypeMapping::getRoot (5 bytes)
Event: 4.621 Thread 0x000001e598c1b700 nmethod 2169 0x000001e58f35c810 code [0x000001e58f35c9a0, 0x000001e58f35ca78]
Event: 4.628 Thread 0x000001e598c1b700 2170       3       org.springframework.asm.ClassReader::readInt (52 bytes)
Event: 4.629 Thread 0x000001e598c1b700 nmethod 2170 0x000001e587bccc90 code [0x000001e587bcce20, 0x000001e587bccff8]
Event: 4.631 Thread 0x000001e598c1b700 2171       1       org.springframework.core.annotation.AnnotationTypeMapping::getMirrorSets (5 bytes)
Event: 4.631 Thread 0x000001e598c1b700 nmethod 2171 0x000001e58f35cb10 code [0x000001e58f35cca0, 0x000001e58f35cd78]
Event: 4.631 Thread 0x000001e598c1b700 2172       3       org.springframework.asm.ClassReader::readUtf (161 bytes)
Event: 4.632 Thread 0x000001e598c1b700 nmethod 2172 0x000001e587bcd110 code [0x000001e587bcd2e0, 0x000001e587bcd748]
Event: 4.632 Thread 0x000001e598c1b700 2173       3       org.springframework.asm.ClassReader::readUtf (44 bytes)
Event: 4.632 Thread 0x000001e598c1b700 nmethod 2173 0x000001e587bcda10 code [0x000001e587bcdbe0, 0x000001e587bcdfd8]
Event: 4.632 Thread 0x000001e598c1b700 2174       3       org.springframework.asm.ClassReader::readUTF8 (23 bytes)
Event: 4.633 Thread 0x000001e598c1b700 nmethod 2174 0x000001e587bce190 code [0x000001e587bce340, 0x000001e587bce598]
Event: 4.638 Thread 0x000001e598c1b700 2176       3       java.util.Collections$EmptySet::toArray (11 bytes)
Event: 4.639 Thread 0x000001e598c1b700 nmethod 2176 0x000001e587bce690 code [0x000001e587bce840, 0x000001e587bceb38]
Event: 4.642 Thread 0x000001e598c1b700 2177       3       java.util.HashSet::<init> (18 bytes)
Event: 4.642 Thread 0x000001e598c1b700 nmethod 2177 0x000001e587bcec10 code [0x000001e587bcede0, 0x000001e587bcf188]
Event: 4.651 Thread 0x000001e59a61c900 nmethod 2145 0x000001e58f35ce10 code [0x000001e58f35d060, 0x000001e58f35e900]
Event: 4.651 Thread 0x000001e59a61c900 2125   !   4       java.lang.ref.ReferenceQueue::poll (28 bytes)
Event: 4.652 Thread 0x000001e598c1b700 2178       3       java.lang.reflect.Executable::equalParamTypes (36 bytes)

GC Heap History (6 events):
Event: 1.626 GC heap before
{Heap before GC invocations=0 (full 0):
 garbage-first heap   total 57344K, used 14336K [0x00000000c8c00000, 0x0000000100000000)
  region size 1024K, 13 young (13312K), 0 survivors (0K)
 Metaspace       used 3022K, committed 3136K, reserved 1056768K
  class space    used 305K, committed 384K, reserved 1048576K
}
Event: 1.636 GC heap after
{Heap after GC invocations=1 (full 0):
 garbage-first heap   total 57344K, used 7065K [0x00000000c8c00000, 0x0000000100000000)
  region size 1024K, 2 young (2048K), 2 survivors (2048K)
 Metaspace       used 3022K, committed 3136K, reserved 1056768K
  class space    used 305K, committed 384K, reserved 1048576K
}
Event: 2.730 GC heap before
{Heap before GC invocations=1 (full 0):
 garbage-first heap   total 57344K, used 18329K [0x00000000c8c00000, 0x0000000100000000)
  region size 1024K, 14 young (14336K), 2 survivors (2048K)
 Metaspace       used 6205K, committed 6464K, reserved 1056768K
  class space    used 725K, committed 832K, reserved 1048576K
}
Event: 2.734 GC heap after
{Heap after GC invocations=2 (full 0):
 garbage-first heap   total 57344K, used 8071K [0x00000000c8c00000, 0x0000000100000000)
  region size 1024K, 1 young (1024K), 1 survivors (1024K)
 Metaspace       used 6205K, committed 6464K, reserved 1056768K
  class space    used 725K, committed 832K, reserved 1048576K
}
Event: 3.817 GC heap before
{Heap before GC invocations=2 (full 0):
 garbage-first heap   total 57344K, used 25479K [0x00000000c8c00000, 0x0000000100000000)
  region size 1024K, 19 young (19456K), 1 survivors (1024K)
 Metaspace       used 10435K, committed 10752K, reserved 1064960K
  class space    used 1349K, committed 1536K, reserved 1048576K
}
Event: 3.821 GC heap after
{Heap after GC invocations=3 (full 0):
 garbage-first heap   total 57344K, used 9348K [0x00000000c8c00000, 0x0000000100000000)
  region size 1024K, 3 young (3072K), 3 survivors (3072K)
 Metaspace       used 10435K, committed 10752K, reserved 1064960K
  class space    used 1349K, committed 1536K, reserved 1048576K
}

Deoptimization events (20 events):
Event: 4.464 Thread 0x000001e59a1a4540 Uncommon trap: trap_request=0xffffff45 fr.pc=0x000001e58f2b83a4 relative=0x00000000000005c4
Event: 4.464 Thread 0x000001e59a1a4540 Uncommon trap: reason=unstable_if action=reinterpret pc=0x000001e58f2b83a4 method=java.util.zip.ZipCoder.hash(Ljava/lang/String;)I @ 23 c2
Event: 4.464 Thread 0x000001e59a1a4540 DEOPT PACKING pc=0x000001e58f2b83a4 sp=0x000000d2e80fd440
Event: 4.464 Thread 0x000001e59a1a4540 DEOPT UNPACKING pc=0x000001e58ed323a3 sp=0x000000d2e80fd370 mode 2
Event: 4.464 Thread 0x000001e59a1a4540 Uncommon trap: trap_request=0xffffff45 fr.pc=0x000001e58f2b78c4 relative=0x0000000000000224
Event: 4.464 Thread 0x000001e59a1a4540 Uncommon trap: reason=unstable_if action=reinterpret pc=0x000001e58f2b78c4 method=java.util.zip.ZipCoder.hash(Ljava/lang/String;)I @ 23 c2
Event: 4.464 Thread 0x000001e59a1a4540 DEOPT PACKING pc=0x000001e58f2b78c4 sp=0x000000d2e80fd3d0
Event: 4.464 Thread 0x000001e59a1a4540 DEOPT UNPACKING pc=0x000001e58ed323a3 sp=0x000000d2e80fd368 mode 2
Event: 4.467 Thread 0x000001e59a1a4540 Uncommon trap: trap_request=0xffffff45 fr.pc=0x000001e58f297ec0 relative=0x0000000000000040
Event: 4.467 Thread 0x000001e59a1a4540 Uncommon trap: reason=unstable_if action=reinterpret pc=0x000001e58f297ec0 method=sun.nio.fs.WindowsPathParser.isSlash(C)Z @ 9 c2
Event: 4.467 Thread 0x000001e59a1a4540 DEOPT PACKING pc=0x000001e58f297ec0 sp=0x000000d2e80fd630
Event: 4.467 Thread 0x000001e59a1a4540 DEOPT UNPACKING pc=0x000001e58ed323a3 sp=0x000000d2e80fd5b8 mode 2
Event: 4.595 Thread 0x000001e59a1a4540 Uncommon trap: trap_request=0xffffff45 fr.pc=0x000001e58f353db4 relative=0x0000000000000114
Event: 4.595 Thread 0x000001e59a1a4540 Uncommon trap: reason=unstable_if action=reinterpret pc=0x000001e58f353db4 method=java.util.Arrays.equals([Ljava/lang/Object;[Ljava/lang/Object;)Z @ 44 c2
Event: 4.595 Thread 0x000001e59a1a4540 DEOPT PACKING pc=0x000001e58f353db4 sp=0x000000d2e80fcc60
Event: 4.595 Thread 0x000001e59a1a4540 DEOPT UNPACKING pc=0x000001e58ed323a3 sp=0x000000d2e80fcc00 mode 2
Event: 4.610 Thread 0x000001e59a1a4540 Uncommon trap: trap_request=0xffffff45 fr.pc=0x000001e58f2fdadc relative=0x0000000000000a7c
Event: 4.610 Thread 0x000001e59a1a4540 Uncommon trap: reason=unstable_if action=reinterpret pc=0x000001e58f2fdadc method=jdk.internal.org.objectweb.asm.SymbolTable.put(Ljdk/internal/org/objectweb/asm/SymbolTable$Entry;)Ljdk/internal/org/objectweb/asm/SymbolTable$Entry; @ 13 c2
Event: 4.610 Thread 0x000001e59a1a4540 DEOPT PACKING pc=0x000001e58f2fdadc sp=0x000000d2e80fc2a0
Event: 4.610 Thread 0x000001e59a1a4540 DEOPT UNPACKING pc=0x000001e58ed323a3 sp=0x000000d2e80fc1d8 mode 2

Classes unloaded (0 events):
No events

Classes redefined (0 events):
No events

Internal exceptions (20 events):
Event: 3.056 Thread 0x000001e59a1a4540 Exception <a 'java/lang/NoSuchMethodError'{0x00000000cbd81a78}: 'int java.lang.invoke.Invokers$Holder.linkToTargetMethod(java.lang.Object, java.lang.Object)'> (0x00000000cbd81a78) 
thrown [s\open\src\hotspot\share\interpreter\linkResolver.cpp, line 759]
Event: 3.079 Thread 0x000001e59a1a4540 Exception <a 'java/lang/NoSuchMethodError'{0x00000000cbc060f0}: 'java.lang.Object java.lang.invoke.DirectMethodHandle$Holder.invokeSpecial(java.lang.Object, java.lang.Object, java.lang.Object, int, java.lang.Object)'> (0x00000000cbc060f0) 
thrown [s\open\src\hotspot\share\interpreter\linkResolver.cpp, line 759]
Event: 3.080 Thread 0x000001e59a1a4540 Exception <a 'java/lang/NoSuchMethodError'{0x00000000cbc0e658}: 'java.lang.Object java.lang.invoke.DirectMethodHandle$Holder.newInvokeSpecial(java.lang.Object, java.lang.Object, java.lang.Object, int, java.lang.Object)'> (0x00000000cbc0e658) 
thrown [s\open\src\hotspot\share\interpreter\linkResolver.cpp, line 759]
Event: 3.082 Thread 0x000001e59a1a4540 Exception <a 'java/lang/NoSuchMethodError'{0x00000000cbc16028}: 'java.lang.Object java.lang.invoke.Invokers$Holder.linkToTargetMethod(java.lang.Object, java.lang.Object, int, java.lang.Object, java.lang.Object)'> (0x00000000cbc16028) 
thrown [s\open\src\hotspot\share\interpreter\linkResolver.cpp, line 759]
Event: 3.084 Thread 0x000001e59a1a4540 Exception <a 'java/lang/NoSuchMethodError'{0x00000000cbc26628}: 'java.lang.Object java.lang.invoke.DirectMethodHandle$Holder.newInvokeSpecial(java.lang.Object, int, java.lang.Object)'> (0x00000000cbc26628) 
thrown [s\open\src\hotspot\share\interpreter\linkResolver.cpp, line 759]
Event: 3.085 Thread 0x000001e59a1a4540 Exception <a 'java/lang/NoSuchMethodError'{0x00000000cbc2b0f8}: 'int java.lang.invoke.DirectMethodHandle$Holder.invokeSpecialIFC(java.lang.Object, java.lang.Object, java.lang.Object, java.lang.Object)'> (0x00000000cbc2b0f8) 
thrown [s\open\src\hotspot\share\interpreter\linkResolver.cpp, line 759]
Event: 3.136 Thread 0x000001e59a1a4540 Exception <a 'java/lang/NoSuchMethodError'{0x00000000cbcdf758}: 'void java.lang.invoke.DirectMethodHandle$Holder.invokeInterface(java.lang.Object, java.lang.Object, java.lang.Object)'> (0x00000000cbcdf758) 
thrown [s\open\src\hotspot\share\interpreter\linkResolver.cpp, line 759]
Event: 3.210 Thread 0x000001e59a1a4540 Exception <a 'java/lang/NoSuchMethodError'{0x00000000cbb94d78}: 'void java.lang.invoke.DirectMethodHandle$Holder.invokeStaticInit(java.lang.Object, java.lang.Object, java.lang.Object)'> (0x00000000cbb94d78) 
thrown [s\open\src\hotspot\share\interpreter\linkResolver.cpp, line 759]
Event: 3.257 Thread 0x000001e59a1a4540 Exception <a 'java/lang/NoSuchMethodError'{0x00000000cbbe1c58}: 'java.lang.Object java.lang.invoke.DirectMethodHandle$Holder.invokeVirtual(java.lang.Object, java.lang.Object, java.lang.Object)'> (0x00000000cbbe1c58) 
thrown [s\open\src\hotspot\share\interpreter\linkResolver.cpp, line 759]
Event: 3.365 Thread 0x000001e59a1a4540 Exception <a 'java/lang/NoSuchMethodError'{0x00000000cbaa6288}: 'java.lang.Object java.lang.invoke.DirectMethodHandle$Holder.newInvokeSpecial(java.lang.Object, long)'> (0x00000000cbaa6288) 
thrown [s\open\src\hotspot\share\interpreter\linkResolver.cpp, line 759]
Event: 3.367 Thread 0x000001e59a1a4540 Exception <a 'java/lang/NoSuchMethodError'{0x00000000cbaadb20}: 'void java.lang.invoke.DirectMethodHandle$Holder.invokeVirtual(java.lang.Object, java.lang.Object, java.lang.Object, java.lang.Object)'> (0x00000000cbaadb20) 
thrown [s\open\src\hotspot\share\interpreter\linkResolver.cpp, line 759]
Event: 3.428 Thread 0x000001e59a1a4540 Exception <a 'java/lang/NoSuchMethodError'{0x00000000cb962360}: 'java.lang.Object java.lang.invoke.DirectMethodHandle$Holder.invokeSpecial(java.lang.Object, java.lang.Object, long, java.lang.Object, java.lang.Object, java.lang.Object, java.lang.Object, java.lang.Object, java.lang.Object)'> (0x00000000cb962360) 
thrown [s\open\src\hotspot\share\interpreter\linkResolver.cpp, line 759]
Event: 3.430 Thread 0x000001e59a1a4540 Exception <a 'java/lang/NoSuchMethodError'{0x00000000cb966be0}: 'java.lang.Object java.lang.invoke.DelegatingMethodHandle$Holder.reinvoke_L(java.lang.Object, long, java.lang.Object, java.lang.Object, java.lang.Object, java.lang.Object, java.lang.Object, java.lang.Object)'> (0x00000000cb966be0) 
thrown [s\open\src\hotspot\share\interpreter\linkResolver.cpp, line 759]
Event: 3.653 Thread 0x000001e59a1a4540 Exception <a 'java/lang/NoSuchMethodError'{0x00000000cb542970}: 'java.lang.Object java.lang.invoke.DirectMethodHandle$Holder.invokeSpecial(java.lang.Object, java.lang.Object, java.lang.Object, java.lang.Object, java.lang.Object, java.lang.Object, java.lang.Object, java.lang.Object, java.lang.Object)'> (0x00000000cb542970) 
thrown [s\open\src\hotspot\share\interpreter\linkResolver.cpp, line 759]
Event: 3.653 Thread 0x000001e59a1a4540 Exception <a 'java/lang/NoSuchMethodError'{0x00000000cb547298}: 'java.lang.Object java.lang.invoke.Invokers$Holder.invoke_MT(java.lang.Object, java.lang.Object, java.lang.Object, java.lang.Object, java.lang.Object, java.lang.Object, java.lang.Object, java.lang.Object, java.lang.Object)'> (0x00000000cb547298) 
thrown [s\open\src\hotspot\share\interpreter\linkResolver.cpp, line 759]
Event: 3.692 Thread 0x000001e59a1a4540 Exception <a 'java/lang/IncompatibleClassChangeError'{0x00000000cb477270}: Found class java.lang.Object, but interface was expected> (0x00000000cb477270) 
thrown [s\open\src\hotspot\share\interpreter\linkResolver.cpp, line 826]
Event: 3.737 Thread 0x000001e59a6ffbb0 Exception <a 'java/lang/NoSuchMethodError'{0x00000000cb3a80d8}: 'java.lang.Object java.lang.invoke.Invokers$Holder.invoke_MT(java.lang.Object, java.lang.Object, java.lang.Object)'> (0x00000000cb3a80d8) 
thrown [s\open\src\hotspot\share\interpreter\linkResolver.cpp, line 759]
Event: 4.468 Thread 0x000001e59a1a4540 Exception <a 'sun/nio/fs/WindowsException'{0x00000000cb2f02c0}> (0x00000000cb2f02c0) 
thrown [s\open\src\hotspot\share\prims\jni.cpp, line 516]
Event: 4.472 Thread 0x000001e59a1a4540 Exception <a 'java/lang/NoSuchMethodError'{0x00000000cb2f2508}: 'int java.lang.invoke.DirectMethodHandle$Holder.invokeSpecial(java.lang.Object, java.lang.Object, java.lang.Object, java.lang.Object, java.lang.Object)'> (0x00000000cb2f2508) 
thrown [s\open\src\hotspot\share\interpreter\linkResolver.cpp, line 759]
Event: 4.478 Thread 0x000001e59a1a4540 Exception <a 'java/lang/NoSuchMethodError'{0x00000000cb122dd0}: 'void java.lang.invoke.DirectMethodHandle$Holder.invokeVirtual(java.lang.Object, java.lang.Object)'> (0x00000000cb122dd0) 
thrown [s\open\src\hotspot\share\interpreter\linkResolver.cpp, line 759]

VM Operations (20 events):
Event: 1.625 Executing VM operation: G1CollectForAllocation
Event: 1.638 Executing VM operation: G1CollectForAllocation done
Event: 2.545 Executing VM operation: HandshakeAllThreads
Event: 2.545 Executing VM operation: HandshakeAllThreads done
Event: 2.730 Executing VM operation: G1CollectForAllocation
Event: 2.734 Executing VM operation: G1CollectForAllocation done
Event: 3.037 Executing VM operation: HandshakeAllThreads
Event: 3.037 Executing VM operation: HandshakeAllThreads done
Event: 3.592 Executing VM operation: HandshakeAllThreads
Event: 3.592 Executing VM operation: HandshakeAllThreads done
Event: 3.593 Executing VM operation: HandshakeAllThreads
Event: 3.593 Executing VM operation: HandshakeAllThreads done
Event: 3.680 Executing VM operation: ICBufferFull
Event: 3.681 Executing VM operation: ICBufferFull done
Event: 3.817 Executing VM operation: G1CollectForAllocation
Event: 3.821 Executing VM operation: G1CollectForAllocation done
Event: 4.308 Executing VM operation: HandshakeAllThreads
Event: 4.308 Executing VM operation: HandshakeAllThreads done
Event: 4.428 Executing VM operation: HandshakeAllThreads
Event: 4.428 Executing VM operation: HandshakeAllThreads done

Events (20 events):
Event: 4.553 loading class java/nio/channels/InterruptibleChannel done
Event: 4.553 loading class java/nio/channels/spi/AbstractInterruptibleChannel done
Event: 4.553 loading class java/nio/channels/FileChannel done
Event: 4.553 loading class sun/nio/ch/FileChannelImpl done
Event: 4.553 loading class sun/nio/ch/NativeThreadSet
Event: 4.553 loading class sun/nio/ch/NativeThreadSet done
Event: 4.553 loading class sun/nio/ch/FileDispatcherImpl
Event: 4.554 loading class sun/nio/ch/FileDispatcher
Event: 4.554 loading class sun/nio/ch/FileDispatcher done
Event: 4.554 loading class sun/nio/ch/FileDispatcherImpl done
Event: 4.554 loading class sun/nio/ch/FileChannelImpl$Closer
Event: 4.554 loading class sun/nio/ch/FileChannelImpl$Closer done
Event: 4.554 loading class java/nio/channels/Channels
Event: 4.554 loading class java/nio/channels/Channels done
Event: 4.554 loading class sun/nio/ch/ChannelInputStream
Event: 4.554 loading class sun/nio/ch/ChannelInputStream done
Event: 4.559 loading class sun/nio/ch/IOStatus
Event: 4.560 loading class sun/nio/ch/IOStatus done
Event: 4.560 loading class java/nio/channels/SelectableChannel
Event: 4.560 loading class java/nio/channels/SelectableChannel done


Dynamic libraries:
0x00007ff66bd50000 - 0x00007ff66bd60000 	C:\Program Files\Java\jdk-17\bin\java.exe
0x00007ff876060000 - 0x00007ff8762c8000 	C:\WINDOWS\SYSTEM32\ntdll.dll
0x00007ff875740000 - 0x00007ff875809000 	C:\WINDOWS\System32\KERNEL32.DLL
0x00007ff873340000 - 0x00007ff873732000 	C:\WINDOWS\System32\KERNELBASE.dll
0x00007ff8731f0000 - 0x00007ff87333b000 	C:\WINDOWS\System32\ucrtbase.dll
0x00007ff84af30000 - 0x00007ff84af49000 	C:\Program Files\Java\jdk-17\bin\jli.dll
0x00007ff8746f0000 - 0x00007ff8747a4000 	C:\WINDOWS\System32\ADVAPI32.dll
0x00007ff875670000 - 0x00007ff875719000 	C:\WINDOWS\System32\msvcrt.dll
0x00007ff874e10000 - 0x00007ff874eb6000 	C:\WINDOWS\System32\sechost.dll
0x00007ff8747b0000 - 0x00007ff8748c8000 	C:\WINDOWS\System32\RPCRT4.dll
0x00007ff875840000 - 0x00007ff875a05000 	C:\WINDOWS\System32\USER32.dll
0x00007ff873870000 - 0x00007ff873897000 	C:\WINDOWS\System32\win32u.dll
0x00007ff875fe0000 - 0x00007ff87600b000 	C:\WINDOWS\System32\GDI32.dll
0x00007ff873740000 - 0x00007ff87386d000 	C:\WINDOWS\System32\gdi32full.dll
0x00007ff873ce0000 - 0x00007ff873d83000 	C:\WINDOWS\System32\msvcp_win.dll
0x00007ff844d50000 - 0x00007ff844d6b000 	C:\Program Files\Java\jdk-17\bin\VCRUNTIME140.dll
0x00007ff861c50000 - 0x00007ff861ee3000 	C:\WINDOWS\WinSxS\amd64_microsoft.windows.common-controls_6595b64144ccf1df_6.0.26100.6899_none_3e0efeeae32e88c1\COMCTL32.dll
0x00007ff86bed0000 - 0x00007ff86bedb000 	C:\WINDOWS\SYSTEM32\VERSION.dll
0x00007ff875fa0000 - 0x00007ff875fcf000 	C:\WINDOWS\System32\IMM32.DLL
0x00007ff86dc40000 - 0x00007ff86dc4c000 	C:\Program Files\Java\jdk-17\bin\vcruntime140_1.dll
0x00007ff841070000 - 0x00007ff8410fe000 	C:\Program Files\Java\jdk-17\bin\msvcp140.dll
0x00007fffda340000 - 0x00007fffdaf1d000 	C:\Program Files\Java\jdk-17\bin\server\jvm.dll
0x00007ff875730000 - 0x00007ff875738000 	C:\WINDOWS\System32\PSAPI.DLL
0x00007ff85b550000 - 0x00007ff85b55a000 	C:\WINDOWS\SYSTEM32\WSOCK32.dll
0x00007ff874670000 - 0x00007ff8746e4000 	C:\WINDOWS\System32\WS2_32.dll
0x00007ff86bcb0000 - 0x00007ff86bce5000 	C:\WINDOWS\SYSTEM32\WINMM.dll
0x00007ff871fc0000 - 0x00007ff871fdb000 	C:\WINDOWS\SYSTEM32\kernel.appcore.dll
0x00007ff869ba0000 - 0x00007ff869baa000 	C:\Program Files\Java\jdk-17\bin\jimage.dll
0x00007ff870890000 - 0x00007ff870ad2000 	C:\WINDOWS\SYSTEM32\DBGHELP.DLL
0x00007ff874960000 - 0x00007ff874cdb000 	C:\WINDOWS\System32\combase.dll
0x00007ff874d30000 - 0x00007ff874e07000 	C:\WINDOWS\System32\OLEAUT32.dll
0x00007ff85def0000 - 0x00007ff85df2c000 	C:\WINDOWS\SYSTEM32\dbgcore.DLL
0x00007ff873d90000 - 0x00007ff873e28000 	C:\WINDOWS\System32\bcryptPrimitives.dll
0x00007ff846560000 - 0x00007ff84656e000 	C:\Program Files\Java\jdk-17\bin\instrument.dll
0x00007ff844890000 - 0x00007ff8448b5000 	C:\Program Files\Java\jdk-17\bin\java.dll
0x00007ff83b940000 - 0x00007ff83ba17000 	C:\Program Files\Java\jdk-17\bin\jsvml.dll
0x00007ff874f20000 - 0x00007ff87566d000 	C:\WINDOWS\System32\SHELL32.dll
0x00007ff873930000 - 0x00007ff873a9b000 	C:\WINDOWS\System32\wintypes.dll
0x00007ff870e80000 - 0x00007ff8716dd000 	C:\WINDOWS\SYSTEM32\windows.storage.dll
0x00007ff874570000 - 0x00007ff874662000 	C:\WINDOWS\System32\SHCORE.dll
0x00007ff875ad0000 - 0x00007ff875b32000 	C:\WINDOWS\System32\shlwapi.dll
0x00007ff873110000 - 0x00007ff873139000 	C:\WINDOWS\SYSTEM32\profapi.dll
0x00007ff844150000 - 0x00007ff844168000 	C:\Program Files\Java\jdk-17\bin\zip.dll
0x00007ff844b40000 - 0x00007ff844b59000 	C:\Program Files\Java\jdk-17\bin\net.dll
0x00007ff868350000 - 0x00007ff86846f000 	C:\WINDOWS\SYSTEM32\WINHTTP.dll
0x00007ff872530000 - 0x00007ff87259b000 	C:\WINDOWS\system32\mswsock.dll
0x00007ff8448e0000 - 0x00007ff8448f6000 	C:\Program Files\Java\jdk-17\bin\nio.dll
0x00007ff846080000 - 0x00007ff84608a000 	C:\Program Files\Java\jdk-17\bin\management.dll
0x00007ff845f50000 - 0x00007ff845f5b000 	C:\Program Files\Java\jdk-17\bin\management_ext.dll

dbghelp: loaded successfully - version: 4.0.5 - missing functions: none
symbol engine: initialized successfully - sym options: 0x614 - pdb path: .;C:\Program Files\Java\jdk-17\bin;C:\WINDOWS\SYSTEM32;C:\WINDOWS\WinSxS\amd64_microsoft.windows.common-controls_6595b64144ccf1df_6.0.26100.6899_none_3e0efeeae32e88c1;C:\Program Files\Java\jdk-17\bin\server

VM Arguments:
jvm_args: -javaagent:C:\Program Files\JetBrains\IntelliJ IDEA Community Edition 2025.2.4\lib\idea_rt.jar=51317 -Dfile.encoding=UTF-8 
java_command: co.edu.unicauca.document_management.DocumentManagementApplication
java_class_path (initial): C:\Users\usuario\OneDrive - unicauca.edu.co\ING SISTEMAS\SEMESTRE 7\Ingenieria de Software II\document_management\target\classes;C:\Users\usuario\.m2\repository\org\springframework\boot\spring-boot-starter-data-jpa\3.5.6\spring-boot-starter-data-jpa-3.5.6.jar;C:\Users\usuario\.m2\repository\org\springframework\boot\spring-boot-starter\3.5.6\spring-boot-starter-3.5.6.jar;C:\Users\usuario\.m2\repository\org\springframework\boot\spring-boot-starter-logging\3.5.6\spring-boot-starter-logging-3.5.6.jar;C:\Users\usuario\.m2\repository\ch\qos\logback\logback-classic\1.5.18\logback-classic-1.5.18.jar;C:\Users\usuario\.m2\repository\ch\qos\logback\logback-core\1.5.18\logback-core-1.5.18.jar;C:\Users\usuario\.m2\repository\org\apache\logging\log4j\log4j-to-slf4j\2.24.3\log4j-to-slf4j-2.24.3.jar;C:\Users\usuario\.m2\repository\org\apache\logging\log4j\log4j-api\2.24.3\log4j-api-2.24.3.jar;C:\Users\usuario\.m2\repository\org\slf4j\jul-to-slf4j\2.0.17\jul-to-slf4j-2.0.17.jar;C:\Users\usuario\.m2\repository\jakarta\annotation\jakarta.annotation-api\2.1.1\jakarta.annotation-api-2.1.1.jar;C:\Users\usuario\.m2\repository\org\yaml\snakeyaml\2.4\snakeyaml-2.4.jar;C:\Users\usuario\.m2\repository\org\springframework\boot\spring-boot-starter-jdbc\3.5.6\spring-boot-starter-jdbc-3.5.6.jar;C:\Users\usuario\.m2\repository\com\zaxxer\HikariCP\6.3.3\HikariCP-6.3.3.jar;C:\Users\usuario\.m2\repository\org\springframework\spring-jdbc\6.2.11\spring-jdbc-6.2.11.jar;C:\Users\usuario\.m2\repository\org\hibernate\orm\hibernate-core\6.6.29.Final\hibernate-core-6.6.29.Final.jar;C:\Users\usuario\.m2\repository\jakarta\persistence\jakarta.persistence-api\3.1.0\jakarta.persistence-api-3.1.0.jar;C:\Users\usuario\.m2\repository\jakarta\transaction\jakarta.transaction-api\2.0.1\jakarta.transaction-api-2.0.1.jar;C:\Users\usuario\.m2\repository\org\jboss\logging\jboss-logging\3.6.1.Final\jboss-logging-3.6.1.Final.jar;C:\Users\usuario\.m2\repository\org\hibernate\common\hibernate-comm
Launcher Type: SUN_STANDARD

[Global flags]
     intx CICompilerCount                          = 3                                         {product} {ergonomic}
     uint ConcGCThreads                            = 1                                         {product} {ergonomic}
     uint G1ConcRefinementThreads                  = 4                                         {product} {ergonomic}
   size_t G1HeapRegionSize                         = 1048576                                   {product} {ergonomic}
    uintx GCDrainStackTargetSize                   = 64                                        {product} {ergonomic}
   size_t InitialHeapSize                          = 58720256                                  {product} {ergonomic}
   size_t MarkStackSize                            = 4194304                                   {product} {ergonomic}
   size_t MaxHeapSize                              = 926941184                                 {product} {ergonomic}
   size_t MaxNewSize                               = 555745280                                 {product} {ergonomic}
   size_t MinHeapDeltaBytes                        = 1048576                                   {product} {ergonomic}
   size_t MinHeapSize                              = 8388608                                   {product} {ergonomic}
    uintx NonNMethodCodeHeapSize                   = 5832780                                {pd product} {ergonomic}
    uintx NonProfiledCodeHeapSize                  = 122912730                              {pd product} {ergonomic}
    uintx ProfiledCodeHeapSize                     = 122912730                              {pd product} {ergonomic}
    uintx ReservedCodeCacheSize                    = 251658240                              {pd product} {ergonomic}
     bool SegmentedCodeCache                       = true                                      {product} {ergonomic}
   size_t SoftMaxHeapSize                          = 926941184                              {manageable} {ergonomic}
     bool UseCompressedClassPointers               = true                           {product lp64_product} {ergonomic}
     bool UseCompressedOops                        = true                           {product lp64_product} {ergonomic}
     bool UseG1GC                                  = true                                      {product} {ergonomic}
     bool UseLargePagesIndividualAllocation        = false                                  {pd product} {ergonomic}

Logging:
Log output configuration:
 #0: stdout all=warning uptime,level,tags
 #1: stderr all=off uptime,level,tags

Environment Variables:
JAVA_HOME=C:\Program Files\Java\jdk-20.0.1
PATH=C:\Program Files (x86)\Common Files\Oracle\Java\java8path;C:\Program Files (x86)\Common Files\Oracle\Java\javapath;C:\Program Files\cdrtools;C:\WINDOWS\system32;C:\WINDOWS;C:\WINDOWS\System32\Wbem;C:\WINDOWS\System32\WindowsPowerShell\v1.0\;C:\WINDOWS\System32\OpenSSH\;C:\Program Files\nodejs\;C:\ProgramData\chocolatey\bin;C:\instantclient_23_8\;C:\Users\usuario\AppData\Local\Programs\Python\Python311\Scripts\;C:\Users\usuario\AppData\Local\Programs\Python\Python311\;C:\Users\usuario\.console-ninja\.bin;C:\Users\usuario\AppData\Local\Programs\Python\Python310\Scripts\;C:\Users\usuario\AppData\Local\Programs\Python\Python310\;C:\Program Files\MySQL\MySQL Shell 8.0\bin\;C:\Users\usuario\AppData\Local\Microsoft\WindowsApps;C:\Program Files\JetBrains\IntelliJ IDEA Community Edition 2023.1\bin;C:\Program Files\heroku\bin;C:\Users\usuario\AppData\Local\Programs\Microsoft VS Code\bin;C:\Users\usuario\AppData\Local\GitHubDesktop\bin;C:\Users\usuario\.dotnet\tools;C:\msys32\mingw32\bin;C:\msys32\usr\bin;C:\qemu;C:\bochs\bin;C:\Program Files (x86)\cdrtools;C:\cross-gcc\bin;C:\ Program Files\Oracle\VirtualBox;;C:\Users\usuario\AppData\Local\Microsoft\WindowsApps;C:\Users\usuario\AppData\Roaming\npm;C:\Users\usuario\AppData\Local\Programs\cursor\resources\app\bin
USERNAME=edwin
OS=Windows_NT
PROCESSOR_IDENTIFIER=AMD64 Family 23 Model 24 Stepping 1, AuthenticAMD



---------------  S Y S T E M  ---------------

OS:
 Windows 11 , 64 bit Build 26100 (10.0.26100.6725)
OS uptime: 0 days 2:20 hours

CPU: total 4 (initial active 4) (4 cores per cpu, 2 threads per core) family 23 model 24 stepping 1 microcode 0x8108109, cx8, cmov, fxsr, ht, mmx, 3dnowpref, sse, sse2, sse3, ssse3, sse4a, sse4.1, sse4.2, popcnt, lzcnt, tsc, tscinvbit, avx, avx2, aes, clmul, bmi1, bmi2, adx, sha, fma, vzeroupper, clflush, clflushopt

Memory: 4k page, system-wide physical 3534M (385M free)
TotalPageFile size 12348M (AvailPageFile size 1M)
current process WorkingSet (physical memory assigned to process): 125M, peak: 125M
current process commit charge ("private bytes"): 175M, peak: 176M

vm_info: Java HotSpot(TM) 64-Bit Server VM (17.0.7+8-LTS-224) for windows-amd64 JRE (17.0.7+8-LTS-224), built on Feb 28 2023 23:03:02 by "mach5one" with MS VC++ 17.1 (VS2022)

END.
