#
# There is insufficient memory for the Java Runtime Environment to continue.
# Native memory allocation (malloc) failed to allocate 32744 bytes for ChunkPool::allocate
# Possible reasons:
#   The system is out of physical RAM or swap space
#   The process is running with CompressedOops enabled, and the Java Heap may be blocking the growth of the native heap
# Possible solutions:
#   Reduce memory load on the system
#   Increase physical memory or swap space
#   Check if swap backing store is full
#   Decrease Java heap size (-Xmx/-Xms)
#   Decrease number of Java threads
#   Decrease Java thread stack sizes (-Xss)
#   Set larger code cache with -XX:ReservedCodeCacheSize=
#   JVM is running with Unscaled Compressed Oops mode in which the Java heap is
#     placed in the first 4GB address space. The Java Heap base address is the
#     maximum limit for the native heap growth. Please use -XX:HeapBaseMinAddress
#     to set the Java Heap base and to place the Java Heap above 4GB virtual address.
# This output file may be truncated or incomplete.
#
#  Out of Memory Error (arena.cpp:78), pid=20400, tid=16760
#
# JRE version: Java(TM) SE Runtime Environment (17.0.7+8) (build 17.0.7+8-LTS-224)
# Java VM: Java HotSpot(TM) 64-Bit Server VM (17.0.7+8-LTS-224, mixed mode, sharing, tiered, compressed oops, compressed class ptrs, g1 gc, windows-amd64)
# No core dump will be written. Minidumps are not enabled by default on client versions of Windows
#

---------------  S U M M A R Y ------------

Command Line: -javaagent:C:\Program Files\JetBrains\IntelliJ IDEA Community Edition 2025.2.4\lib\idea_rt.jar=58699 -Dfile.encoding=UTF-8 co.edu.unicauca.document_management.DocumentManagementApplication

Host: AMD Ryzen 3 3250U with Radeon Graphics         , 4 cores, 3G,  Windows 11 , 64 bit Build 26100 (10.0.26100.6725)
Time: Sun Nov  2 20:19:32 2025 Hora est. Pacífico, Sudamérica elapsed time: 2.495323 seconds (0d 0h 0m 2s)

---------------  T H R E A D  ---------------

Current thread (0x000001d1b65b6180):  JavaThread "C1 CompilerThread0" daemon [_thread_in_native, id=16760, stack(0x000000b182800000,0x000000b182900000)]


Current CompileTask:
C1:   2495  630       3       java.net.URLStreamHandler::parseURL (1201 bytes)

Stack: [0x000000b182800000,0x000000b182900000]
Native frames: (J=compiled Java code, j=interpreted, Vv=VM code, C=native code)
V  [jvm.dll+0x676a4a]
V  [jvm.dll+0x7d74f4]
V  [jvm.dll+0x7d8c9e]
V  [jvm.dll+0x7d9303]
V  [jvm.dll+0x2452c5]
V  [jvm.dll+0xaac80]
V  [jvm.dll+0xaafcc]
V  [jvm.dll+0x11bb25]
V  [jvm.dll+0x1792e1]
V  [jvm.dll+0x1798d3]
V  [jvm.dll+0x1348a3]
V  [jvm.dll+0x1341af]
V  [jvm.dll+0x1343e8]
V  [jvm.dll+0x133881]
V  [jvm.dll+0x13552d]
V  [jvm.dll+0x226a6e]
V  [jvm.dll+0x224e15]
V  [jvm.dll+0x78d05c]
V  [jvm.dll+0x78759a]
V  [jvm.dll+0x675875]
C  [ucrtbase.dll+0x37b0]
C  [KERNEL32.DLL+0x2e8d7]
C  [ntdll.dll+0x8c53c]


---------------  P R O C E S S  ---------------

Threads class SMR info:
_java_thread_list=0x000001d1b7429cd0, length=13, elements={
0x000001d19b88bfe0, 0x000001d19b93d1c0, 0x000001d19b940430, 0x000001d1b657f0d0,
0x000001d1b65a1ab0, 0x000001d1b65a4b20, 0x000001d1b65a9590, 0x000001d1b65b0010,
0x000001d1b65b6180, 0x000001d1b65c7240, 0x000001d1b65a73e0, 0x000001d1b65a6f10,
0x000001d1b65a6a40
}

Java Threads: ( => current thread )
  0x000001d19b88bfe0 JavaThread "main" [_thread_in_vm, id=276, stack(0x000000b181a00000,0x000000b181b00000)]
  0x000001d19b93d1c0 JavaThread "Reference Handler" daemon [_thread_blocked, id=8596, stack(0x000000b182100000,0x000000b182200000)]
  0x000001d19b940430 JavaThread "Finalizer" daemon [_thread_blocked, id=16588, stack(0x000000b182200000,0x000000b182300000)]
  0x000001d1b657f0d0 JavaThread "Signal Dispatcher" daemon [_thread_blocked, id=18772, stack(0x000000b182300000,0x000000b182400000)]
  0x000001d1b65a1ab0 JavaThread "Attach Listener" daemon [_thread_blocked, id=19000, stack(0x000000b182400000,0x000000b182500000)]
  0x000001d1b65a4b20 JavaThread "Service Thread" daemon [_thread_blocked, id=18480, stack(0x000000b182500000,0x000000b182600000)]
  0x000001d1b65a9590 JavaThread "Monitor Deflation Thread" daemon [_thread_blocked, id=20080, stack(0x000000b182600000,0x000000b182700000)]
  0x000001d1b65b0010 JavaThread "C2 CompilerThread0" daemon [_thread_blocked, id=10420, stack(0x000000b182700000,0x000000b182800000)]
=>0x000001d1b65b6180 JavaThread "C1 CompilerThread0" daemon [_thread_in_native, id=16760, stack(0x000000b182800000,0x000000b182900000)]
  0x000001d1b65c7240 JavaThread "Sweeper thread" daemon [_thread_blocked, id=18484, stack(0x000000b182900000,0x000000b182a00000)]
  0x000001d1b65a73e0 JavaThread "Common-Cleaner" daemon [_thread_blocked, id=18856, stack(0x000000b182a00000,0x000000b182b00000)]
  0x000001d1b65a6f10 JavaThread "Monitor Ctrl-Break" daemon [_thread_in_native, id=19620, stack(0x000000b182b00000,0x000000b182c00000)]
  0x000001d1b65a6a40 JavaThread "Notification Thread" daemon [_thread_blocked, id=12308, stack(0x000000b182c00000,0x000000b182d00000)]

Other Threads:
  0x000001d19b938070 VMThread "VM Thread" [stack: 0x000000b182000000,0x000000b182100000] [id=15264]
  0x000001d1b71fdd00 WatcherThread [stack: 0x000000b182d00000,0x000000b182e00000] [id=3848]
  0x000001d19b8c5030 GCTaskThread "GC Thread#0" [stack: 0x000000b181b00000,0x000000b181c00000] [id=15580]
  0x000001d19b8ccdf0 ConcurrentGCThread "G1 Main Marker" [stack: 0x000000b181c00000,0x000000b181d00000] [id=19516]
  0x000001d19b8d0b30 ConcurrentGCThread "G1 Conc#0" [stack: 0x000000b181d00000,0x000000b181e00000] [id=18516]
  0x000001d19b90f560 ConcurrentGCThread "G1 Refine#0" [stack: 0x000000b181e00000,0x000000b181f00000] [id=18452]
  0x000001d19b90fd30 ConcurrentGCThread "G1 Service" [stack: 0x000000b181f00000,0x000000b182000000] [id=10764]

Threads with active compile tasks:
C1 CompilerThread0     2581  630       3       java.net.URLStreamHandler::parseURL (1201 bytes)

VM state: not at safepoint (normal execution)

VM Mutex/Monitor currently owned by a thread: None

Heap address: 0x00000000c8c00000, size: 884 MB, Compressed Oops mode: 32-bit

CDS archive(s) mapped at: [0x0000000800000000-0x0000000800bd0000-0x0000000800bd0000), size 12386304, SharedBaseAddress: 0x0000000800000000, ArchiveRelocationMode: 0.
Compressed class space mapped at: 0x0000000800c00000-0x0000000840c00000, reserved size: 1073741824
Narrow klass base: 0x0000000800000000, Narrow klass shift: 0, Narrow klass range: 0x100000000

GC Precious Log:
 CPUs: 4 total, 4 available
 Memory: 3534M
 Large Page Support: Disabled
 NUMA Support: Disabled
 Compressed Oops: Enabled (32-bit)
 Heap Region Size: 1M
 Heap Min Capacity: 8M
 Heap Initial Capacity: 56M
 Heap Max Capacity: 884M
 Pre-touch: Disabled
 Parallel Workers: 4
 Concurrent Workers: 1
 Concurrent Refinement Workers: 4
 Periodic GC: Disabled

Heap:
 garbage-first heap   total 57344K, used 10240K [0x00000000c8c00000, 0x0000000100000000)
  region size 1024K, 10 young (10240K), 0 survivors (0K)
 Metaspace       used 1964K, committed 2112K, reserved 1056768K
  class space    used 165K, committed 256K, reserved 1048576K

Heap Regions: E=young(eden), S=young(survivor), O=old, HS=humongous(starts), HC=humongous(continues), CS=collection set, F=free, OA=open archive, CA=closed archive, TAMS=top-at-mark-start (previous, next)
|   0|0x00000000c8c00000, 0x00000000c8d00000, 0x00000000c8d00000|100%|HS|  |TAMS 0x00000000c8c00000, 0x00000000c8c00000| Complete 
|   1|0x00000000c8d00000, 0x00000000c8e00000, 0x00000000c8e00000|100%|HS|  |TAMS 0x00000000c8d00000, 0x00000000c8d00000| Complete 
|   2|0x00000000c8e00000, 0x00000000c8e00000, 0x00000000c8f00000|  0%| F|  |TAMS 0x00000000c8e00000, 0x00000000c8e00000| Untracked 
|   3|0x00000000c8f00000, 0x00000000c8f00000, 0x00000000c9000000|  0%| F|  |TAMS 0x00000000c8f00000, 0x00000000c8f00000| Untracked 
|   4|0x00000000c9000000, 0x00000000c9000000, 0x00000000c9100000|  0%| F|  |TAMS 0x00000000c9000000, 0x00000000c9000000| Untracked 
|   5|0x00000000c9100000, 0x00000000c9100000, 0x00000000c9200000|  0%| F|  |TAMS 0x00000000c9100000, 0x00000000c9100000| Untracked 
|   6|0x00000000c9200000, 0x00000000c9200000, 0x00000000c9300000|  0%| F|  |TAMS 0x00000000c9200000, 0x00000000c9200000| Untracked 
|   7|0x00000000c9300000, 0x00000000c9300000, 0x00000000c9400000|  0%| F|  |TAMS 0x00000000c9300000, 0x00000000c9300000| Untracked 
|   8|0x00000000c9400000, 0x00000000c9400000, 0x00000000c9500000|  0%| F|  |TAMS 0x00000000c9400000, 0x00000000c9400000| Untracked 
|   9|0x00000000c9500000, 0x00000000c9500000, 0x00000000c9600000|  0%| F|  |TAMS 0x00000000c9500000, 0x00000000c9500000| Untracked 
|  10|0x00000000c9600000, 0x00000000c9600000, 0x00000000c9700000|  0%| F|  |TAMS 0x00000000c9600000, 0x00000000c9600000| Untracked 
|  11|0x00000000c9700000, 0x00000000c9700000, 0x00000000c9800000|  0%| F|  |TAMS 0x00000000c9700000, 0x00000000c9700000| Untracked 
|  12|0x00000000c9800000, 0x00000000c9800000, 0x00000000c9900000|  0%| F|  |TAMS 0x00000000c9800000, 0x00000000c9800000| Untracked 
|  13|0x00000000c9900000, 0x00000000c9900000, 0x00000000c9a00000|  0%| F|  |TAMS 0x00000000c9900000, 0x00000000c9900000| Untracked 
|  14|0x00000000c9a00000, 0x00000000c9a00000, 0x00000000c9b00000|  0%| F|  |TAMS 0x00000000c9a00000, 0x00000000c9a00000| Untracked 
|  15|0x00000000c9b00000, 0x00000000c9b00000, 0x00000000c9c00000|  0%| F|  |TAMS 0x00000000c9b00000, 0x00000000c9b00000| Untracked 
|  16|0x00000000c9c00000, 0x00000000c9c00000, 0x00000000c9d00000|  0%| F|  |TAMS 0x00000000c9c00000, 0x00000000c9c00000| Untracked 
|  17|0x00000000c9d00000, 0x00000000c9d00000, 0x00000000c9e00000|  0%| F|  |TAMS 0x00000000c9d00000, 0x00000000c9d00000| Untracked 
|  18|0x00000000c9e00000, 0x00000000c9e00000, 0x00000000c9f00000|  0%| F|  |TAMS 0x00000000c9e00000, 0x00000000c9e00000| Untracked 
|  19|0x00000000c9f00000, 0x00000000c9f00000, 0x00000000ca000000|  0%| F|  |TAMS 0x00000000c9f00000, 0x00000000c9f00000| Untracked 
|  20|0x00000000ca000000, 0x00000000ca000000, 0x00000000ca100000|  0%| F|  |TAMS 0x00000000ca000000, 0x00000000ca000000| Untracked 
|  21|0x00000000ca100000, 0x00000000ca100000, 0x00000000ca200000|  0%| F|  |TAMS 0x00000000ca100000, 0x00000000ca100000| Untracked 
|  22|0x00000000ca200000, 0x00000000ca200000, 0x00000000ca300000|  0%| F|  |TAMS 0x00000000ca200000, 0x00000000ca200000| Untracked 
|  23|0x00000000ca300000, 0x00000000ca300000, 0x00000000ca400000|  0%| F|  |TAMS 0x00000000ca300000, 0x00000000ca300000| Untracked 
|  24|0x00000000ca400000, 0x00000000ca400000, 0x00000000ca500000|  0%| F|  |TAMS 0x00000000ca400000, 0x00000000ca400000| Untracked 
|  25|0x00000000ca500000, 0x00000000ca500000, 0x00000000ca600000|  0%| F|  |TAMS 0x00000000ca500000, 0x00000000ca500000| Untracked 
|  26|0x00000000ca600000, 0x00000000ca600000, 0x00000000ca700000|  0%| F|  |TAMS 0x00000000ca600000, 0x00000000ca600000| Untracked 
|  27|0x00000000ca700000, 0x00000000ca700000, 0x00000000ca800000|  0%| F|  |TAMS 0x00000000ca700000, 0x00000000ca700000| Untracked 
|  28|0x00000000ca800000, 0x00000000ca800000, 0x00000000ca900000|  0%| F|  |TAMS 0x00000000ca800000, 0x00000000ca800000| Untracked 
|  29|0x00000000ca900000, 0x00000000ca900000, 0x00000000caa00000|  0%| F|  |TAMS 0x00000000ca900000, 0x00000000ca900000| Untracked 
|  30|0x00000000caa00000, 0x00000000caa00000, 0x00000000cab00000|  0%| F|  |TAMS 0x00000000caa00000, 0x00000000caa00000| Untracked 
|  31|0x00000000cab00000, 0x00000000cab00000, 0x00000000cac00000|  0%| F|  |TAMS 0x00000000cab00000, 0x00000000cab00000| Untracked 
|  32|0x00000000cac00000, 0x00000000cac00000, 0x00000000cad00000|  0%| F|  |TAMS 0x00000000cac00000, 0x00000000cac00000| Untracked 
|  33|0x00000000cad00000, 0x00000000cad00000, 0x00000000cae00000|  0%| F|  |TAMS 0x00000000cad00000, 0x00000000cad00000| Untracked 
|  34|0x00000000cae00000, 0x00000000cae00000, 0x00000000caf00000|  0%| F|  |TAMS 0x00000000cae00000, 0x00000000cae00000| Untracked 
|  35|0x00000000caf00000, 0x00000000caf00000, 0x00000000cb000000|  0%| F|  |TAMS 0x00000000caf00000, 0x00000000caf00000| Untracked 
|  36|0x00000000cb000000, 0x00000000cb000000, 0x00000000cb100000|  0%| F|  |TAMS 0x00000000cb000000, 0x00000000cb000000| Untracked 
|  37|0x00000000cb100000, 0x00000000cb100000, 0x00000000cb200000|  0%| F|  |TAMS 0x00000000cb100000, 0x00000000cb100000| Untracked 
|  38|0x00000000cb200000, 0x00000000cb200000, 0x00000000cb300000|  0%| F|  |TAMS 0x00000000cb200000, 0x00000000cb200000| Untracked 
|  39|0x00000000cb300000, 0x00000000cb300000, 0x00000000cb400000|  0%| F|  |TAMS 0x00000000cb300000, 0x00000000cb300000| Untracked 
|  40|0x00000000cb400000, 0x00000000cb400000, 0x00000000cb500000|  0%| F|  |TAMS 0x00000000cb400000, 0x00000000cb400000| Untracked 
|  41|0x00000000cb500000, 0x00000000cb500000, 0x00000000cb600000|  0%| F|  |TAMS 0x00000000cb500000, 0x00000000cb500000| Untracked 
|  42|0x00000000cb600000, 0x00000000cb600000, 0x00000000cb700000|  0%| F|  |TAMS 0x00000000cb600000, 0x00000000cb600000| Untracked 
|  43|0x00000000cb700000, 0x00000000cb700000, 0x00000000cb800000|  0%| F|  |TAMS 0x00000000cb700000, 0x00000000cb700000| Untracked 
|  44|0x00000000cb800000, 0x00000000cb800000, 0x00000000cb900000|  0%| F|  |TAMS 0x00000000cb800000, 0x00000000cb800000| Untracked 
|  45|0x00000000cb900000, 0x00000000cb900000, 0x00000000cba00000|  0%| F|  |TAMS 0x00000000cb900000, 0x00000000cb900000| Untracked 
|  46|0x00000000cba00000, 0x00000000cba43100, 0x00000000cbb00000| 26%| E|  |TAMS 0x00000000cba00000, 0x00000000cba00000| Complete 
|  47|0x00000000cbb00000, 0x00000000cbc00000, 0x00000000cbc00000|100%| E|CS|TAMS 0x00000000cbb00000, 0x00000000cbb00000| Complete 
|  48|0x00000000cbc00000, 0x00000000cbd00000, 0x00000000cbd00000|100%| E|CS|TAMS 0x00000000cbc00000, 0x00000000cbc00000| Complete 
|  49|0x00000000cbd00000, 0x00000000cbe00000, 0x00000000cbe00000|100%| E|CS|TAMS 0x00000000cbd00000, 0x00000000cbd00000| Complete 
|  50|0x00000000cbe00000, 0x00000000cbf00000, 0x00000000cbf00000|100%| E|CS|TAMS 0x00000000cbe00000, 0x00000000cbe00000| Complete 
|  51|0x00000000cbf00000, 0x00000000cc000000, 0x00000000cc000000|100%| E|  |TAMS 0x00000000cbf00000, 0x00000000cbf00000| Complete 
|  52|0x00000000cc000000, 0x00000000cc100000, 0x00000000cc100000|100%| E|CS|TAMS 0x00000000cc000000, 0x00000000cc000000| Complete 
|  53|0x00000000cc100000, 0x00000000cc200000, 0x00000000cc200000|100%| E|CS|TAMS 0x00000000cc100000, 0x00000000cc100000| Complete 
|  54|0x00000000cc200000, 0x00000000cc300000, 0x00000000cc300000|100%| E|CS|TAMS 0x00000000cc200000, 0x00000000cc200000| Complete 
|  55|0x00000000cc300000, 0x00000000cc400000, 0x00000000cc400000|100%| E|CS|TAMS 0x00000000cc300000, 0x00000000cc300000| Complete 

Card table byte_map: [0x000001d1b2100000,0x000001d1b22c0000] _byte_map_base: 0x000001d1b1aba000

Marking Bits (Prev, Next): (CMBitMap*) 0x000001d19b8c5640, (CMBitMap*) 0x000001d19b8c5680
 Prev Bits: [0x000001d1b2480000, 0x000001d1b3250000)
 Next Bits: [0x000001d1b3250000, 0x000001d1b4020000)

Polling page: 0x000001d1997a0000

Metaspace:

Usage:
  Non-class:      1.76 MB used.
      Class:    165.45 KB used.
       Both:      1.92 MB used.

Virtual space:
  Non-class space:        8.00 MB reserved,       1.81 MB ( 23%) committed,  1 nodes.
      Class space:        1.00 GB reserved,     256.00 KB ( <1%) committed,  1 nodes.
             Both:        1.01 GB reserved,       2.06 MB ( <1%) committed. 

Chunk freelists:
   Non-Class:  3.33 MB
       Class:  3.64 MB
        Both:  6.96 MB

MaxMetaspaceSize: unlimited
CompressedClassSpaceSize: 1.00 GB
Initial GC threshold: 21.00 MB
Current GC threshold: 21.00 MB
CDS: on
MetaspaceReclaimPolicy: balanced
 - commit_granule_bytes: 65536.
 - commit_granule_words: 8192.
 - virtual_space_node_default_size: 1048576.
 - enlarge_chunks_in_place: 1.
 - new_chunks_are_fully_committed: 0.
 - uncommit_free_chunks: 1.
 - use_allocation_guard: 0.
 - handle_deallocations: 1.


Internal statistics:

num_allocs_failed_limit: 0.
num_arena_births: 52.
num_arena_deaths: 0.
num_vsnodes_births: 2.
num_vsnodes_deaths: 0.
num_space_committed: 33.
num_space_uncommitted: 0.
num_chunks_returned_to_freelist: 0.
num_chunks_taken_from_freelist: 93.
num_chunk_merges: 0.
num_chunk_splits: 62.
num_chunks_enlarged: 45.
num_purges: 0.
num_inconsistent_stats: 0.

CodeHeap 'non-profiled nmethods': size=120000Kb used=206Kb max_used=206Kb free=119793Kb
 bounds [0x000001d1aabd0000, 0x000001d1aae40000, 0x000001d1b2100000]
CodeHeap 'profiled nmethods': size=120000Kb used=935Kb max_used=935Kb free=119064Kb
 bounds [0x000001d1a3100000, 0x000001d1a3370000, 0x000001d1aa630000]
CodeHeap 'non-nmethods': size=5760Kb used=1128Kb max_used=1143Kb free=4632Kb
 bounds [0x000001d1aa630000, 0x000001d1aa8a0000, 0x000001d1aabd0000]
 total_blobs=1043 nmethods=632 adapters=324
 compilation: enabled
              stopped_count=0, restarted_count=0
 full_count=0

Compilation events (20 events):
Event: 2.468 Thread 0x000001d1b65b6180 nmethod 623 0x000001d1a31e7590 code [0x000001d1a31e7780, 0x000001d1a31e7c18]
Event: 2.468 Thread 0x000001d1b65b6180  625       3       java.util.concurrent.ConcurrentHashMap$BaseIterator::hasNext (13 bytes)
Event: 2.468 Thread 0x000001d1b65b6180 nmethod 625 0x000001d1a31e7e90 code [0x000001d1a31e8020, 0x000001d1a31e8198]
Event: 2.468 Thread 0x000001d1b65b6180  624       3       jdk.internal.jimage.ImageStringsReader::hashCode (8 bytes)
Event: 2.468 Thread 0x000001d1b65b6180 nmethod 624 0x000001d1a31e8210 code [0x000001d1a31e83c0, 0x000001d1a31e8578]
Event: 2.469 Thread 0x000001d1b65b6180  626       3       java.lang.Class::getComponentType (14 bytes)
Event: 2.469 Thread 0x000001d1b65b6180 nmethod 626 0x000001d1a31e8690 code [0x000001d1a31e8840, 0x000001d1a31e8a08]
Event: 2.470 Thread 0x000001d1b65b0010  627       4       java.lang.AbstractStringBuilder::append (45 bytes)
Event: 2.472 Thread 0x000001d1b65b6180  629       3       sun.net.www.protocol.file.Handler::parseURL (18 bytes)
Event: 2.473 Thread 0x000001d1b65b6180 nmethod 629 0x000001d1a31e8a90 code [0x000001d1a31e8c40, 0x000001d1a31e8df8]
Event: 2.473 Thread 0x000001d1b65b6180  631       3       java.lang.ref.Cleaner::register (25 bytes)
Event: 2.473 Thread 0x000001d1b65b6180 nmethod 631 0x000001d1a31e8f10 code [0x000001d1a31e9100, 0x000001d1a31e9648]
Event: 2.473 Thread 0x000001d1b65b6180  632       3       jdk.internal.ref.CleanerImpl$PhantomCleanableRef::<init> (12 bytes)
Event: 2.473 Thread 0x000001d1b65b6180 nmethod 632 0x000001d1a31e9890 code [0x000001d1a31e9a40, 0x000001d1a31e9be8]
Event: 2.473 Thread 0x000001d1b65b6180  630       3       java.net.URLStreamHandler::parseURL (1201 bytes)
Event: 2.478 Thread 0x000001d1b65b0010 nmethod 627 0x000001d1aac02490 code [0x000001d1aac02640, 0x000001d1aac02cc8]
Event: 2.478 Thread 0x000001d1b65b0010  628       4       java.lang.AbstractStringBuilder::putStringAt (12 bytes)
Event: 2.481 Thread 0x000001d1b65b0010 nmethod 628 0x000001d1aac03090 code [0x000001d1aac03220, 0x000001d1aac033b8]
Event: 2.481 Thread 0x000001d1b65b0010  635       4       jdk.internal.misc.Unsafe::putReferenceRelease (9 bytes)
Event: 2.483 Thread 0x000001d1b65b0010 nmethod 635 0x000001d1aac03590 code [0x000001d1aac03700, 0x000001d1aac03838]

GC Heap History (0 events):
No events

Deoptimization events (20 events):
Event: 2.014 Thread 0x000001d19b88bfe0 Uncommon trap: trap_request=0xffffff45 fr.pc=0x000001d1aabd15f4 relative=0x0000000000000074
Event: 2.014 Thread 0x000001d19b88bfe0 Uncommon trap: reason=unstable_if action=reinterpret pc=0x000001d1aabd15f4 method=java.lang.String.isLatin1()Z @ 10 c2
Event: 2.014 Thread 0x000001d19b88bfe0 DEOPT PACKING pc=0x000001d1aabd15f4 sp=0x000000b181afedb0
Event: 2.014 Thread 0x000001d19b88bfe0 DEOPT UNPACKING pc=0x000001d1aa6823a3 sp=0x000000b181afecf0 mode 2
Event: 2.183 Thread 0x000001d19b88bfe0 DEOPT PACKING pc=0x000001d1a313b456 sp=0x000000b181afaff0
Event: 2.183 Thread 0x000001d19b88bfe0 DEOPT UNPACKING pc=0x000001d1aa682b43 sp=0x000000b181afa490 mode 0
Event: 2.245 Thread 0x000001d19b88bfe0 DEOPT PACKING pc=0x000001d1a316e365 sp=0x000000b181afdab0
Event: 2.245 Thread 0x000001d19b88bfe0 DEOPT UNPACKING pc=0x000001d1aa682b43 sp=0x000000b181afcf00 mode 0
Event: 2.256 Thread 0x000001d19b88bfe0 Uncommon trap: trap_request=0xffffff45 fr.pc=0x000001d1aabe67e4 relative=0x0000000000000064
Event: 2.256 Thread 0x000001d19b88bfe0 Uncommon trap: reason=unstable_if action=reinterpret pc=0x000001d1aabe67e4 method=java.io.WinNTFileSystem.isSlash(C)Z @ 9 c2
Event: 2.256 Thread 0x000001d19b88bfe0 DEOPT PACKING pc=0x000001d1aabe67e4 sp=0x000000b181afdb10
Event: 2.256 Thread 0x000001d19b88bfe0 DEOPT UNPACKING pc=0x000001d1aa6823a3 sp=0x000000b181afda98 mode 2
Event: 2.260 Thread 0x000001d19b88bfe0 DEOPT PACKING pc=0x000001d1a314f134 sp=0x000000b181afcf60
Event: 2.260 Thread 0x000001d19b88bfe0 DEOPT UNPACKING pc=0x000001d1aa682b43 sp=0x000000b181afc410 mode 0
Event: 2.393 Thread 0x000001d19b88bfe0 Uncommon trap: trap_request=0xffffff45 fr.pc=0x000001d1aabf40ac relative=0x000000000000038c
Event: 2.393 Thread 0x000001d19b88bfe0 Uncommon trap: reason=unstable_if action=reinterpret pc=0x000001d1aabf40ac method=java.lang.StringLatin1.indexOf([BI[BII)I @ 91 c2
Event: 2.393 Thread 0x000001d19b88bfe0 DEOPT PACKING pc=0x000001d1aabf40ac sp=0x000000b181afd810
Event: 2.393 Thread 0x000001d19b88bfe0 DEOPT UNPACKING pc=0x000001d1aa6823a3 sp=0x000000b181afd770 mode 2
Event: 2.472 Thread 0x000001d19b88bfe0 DEOPT PACKING pc=0x000001d1a31b3ae5 sp=0x000000b181af9a30
Event: 2.472 Thread 0x000001d19b88bfe0 DEOPT UNPACKING pc=0x000001d1aa682b43 sp=0x000000b181af8e80 mode 0

Classes unloaded (0 events):
No events

Classes redefined (0 events):
No events

Internal exceptions (4 events):
Event: 2.074 Thread 0x000001d1b65a6f10 Exception <a 'java/lang/NoSuchMethodError'{0x00000000cbd4a8b0}: 'java.lang.Object java.lang.invoke.DirectMethodHandle$Holder.invokeStaticInit(java.lang.Object)'> (0x00000000cbd4a8b0) 
thrown [s\open\src\hotspot\share\interpreter\linkResolver.cpp, line 759]
Event: 2.125 Thread 0x000001d1b65a6f10 Exception <a 'java/lang/NoSuchMethodError'{0x00000000cbd58570}: 'void java.lang.invoke.DirectMethodHandle$Holder.invokeStatic(java.lang.Object, java.lang.Object)'> (0x00000000cbd58570) 
thrown [s\open\src\hotspot\share\interpreter\linkResolver.cpp, line 759]
Event: 2.449 Thread 0x000001d19b88bfe0 Exception <a 'java/lang/NoSuchMethodError'{0x00000000cbbd08c8}: 'java.lang.Object java.lang.invoke.DirectMethodHandle$Holder.invokeSpecial(java.lang.Object, java.lang.Object, java.lang.Object, long, java.lang.Object)'> (0x00000000cbbd08c8) 
thrown [s\open\src\hotspot\share\interpreter\linkResolver.cpp, line 759]
Event: 2.449 Thread 0x000001d19b88bfe0 Exception <a 'java/lang/NoSuchMethodError'{0x00000000cbbd4498}: 'java.lang.Object java.lang.invoke.Invokers$Holder.linkToTargetMethod(java.lang.Object, long, java.lang.Object, java.lang.Object)'> (0x00000000cbbd4498) 
thrown [s\open\src\hotspot\share\interpreter\linkResolver.cpp, line 759]

VM Operations (12 events):
Event: 0.946 Executing VM operation: HandshakeAllThreads
Event: 0.946 Executing VM operation: HandshakeAllThreads done
Event: 1.953 Executing VM operation: Cleanup
Event: 1.953 Executing VM operation: Cleanup done
Event: 2.063 Executing VM operation: HandshakeAllThreads
Event: 2.063 Executing VM operation: HandshakeAllThreads done
Event: 2.145 Executing VM operation: HandshakeAllThreads
Event: 2.145 Executing VM operation: HandshakeAllThreads done
Event: 2.223 Executing VM operation: HandshakeAllThreads
Event: 2.223 Executing VM operation: HandshakeAllThreads done
Event: 2.255 Executing VM operation: HandshakeAllThreads
Event: 2.255 Executing VM operation: HandshakeAllThreads done

Events (20 events):
Event: 2.248 loading class sun/net/www/MessageHeader
Event: 2.254 loading class sun/net/www/MessageHeader done
Event: 2.254 loading class sun/net/www/protocol/jar/URLJarFile
Event: 2.254 loading class sun/net/www/protocol/jar/URLJarFile done
Event: 2.256 loading class sun/net/www/protocol/jar/URLJarFile$URLJarFileEntry
Event: 2.257 loading class sun/net/www/protocol/jar/URLJarFile$URLJarFileEntry done
Event: 2.257 loading class sun/net/www/protocol/jar/JarURLConnection$JarURLInputStream
Event: 2.257 loading class sun/net/www/protocol/jar/JarURLConnection$JarURLInputStream done
Event: 2.259 loading class java/util/LinkedHashMap$LinkedKeySet
Event: 2.259 loading class java/util/LinkedHashMap$LinkedKeySet done
Event: 2.259 loading class java/util/LinkedHashMap$LinkedKeyIterator
Event: 2.259 loading class java/util/LinkedHashMap$LinkedKeyIterator done
Event: 2.297 loading class java/lang/IndexOutOfBoundsException
Event: 2.297 loading class java/lang/IndexOutOfBoundsException done
Event: 2.393 loading class java/util/zip/ZipFile$ZipEntryIterator
Event: 2.398 loading class java/util/zip/ZipFile$ZipEntryIterator done
Event: 2.452 loading class java/net/MalformedURLException
Event: 2.452 loading class java/net/MalformedURLException done
Event: 2.485 loading class java/util/concurrent/atomic/AtomicBoolean
Event: 2.486 loading class java/util/concurrent/atomic/AtomicBoolean done


Dynamic libraries:
0x00007ff66bd50000 - 0x00007ff66bd60000 	C:\Program Files\Java\jdk-17\bin\java.exe
0x00007ff876060000 - 0x00007ff8762c8000 	C:\WINDOWS\SYSTEM32\ntdll.dll
0x00007ff875740000 - 0x00007ff875809000 	C:\WINDOWS\System32\KERNEL32.DLL
0x00007ff873340000 - 0x00007ff873732000 	C:\WINDOWS\System32\KERNELBASE.dll
0x00007ff8731f0000 - 0x00007ff87333b000 	C:\WINDOWS\System32\ucrtbase.dll
0x00007ff84af30000 - 0x00007ff84af4b000 	C:\Program Files\Java\jdk-17\bin\VCRUNTIME140.dll
0x00007ff844d50000 - 0x00007ff844d69000 	C:\Program Files\Java\jdk-17\bin\jli.dll
0x00007ff8746f0000 - 0x00007ff8747a4000 	C:\WINDOWS\System32\ADVAPI32.dll
0x00007ff875670000 - 0x00007ff875719000 	C:\WINDOWS\System32\msvcrt.dll
0x00007ff874e10000 - 0x00007ff874eb6000 	C:\WINDOWS\System32\sechost.dll
0x00007ff8747b0000 - 0x00007ff8748c8000 	C:\WINDOWS\System32\RPCRT4.dll
0x00007ff875840000 - 0x00007ff875a05000 	C:\WINDOWS\System32\USER32.dll
0x00007ff861c50000 - 0x00007ff861ee3000 	C:\WINDOWS\WinSxS\amd64_microsoft.windows.common-controls_6595b64144ccf1df_6.0.26100.6899_none_3e0efeeae32e88c1\COMCTL32.dll
0x00007ff873870000 - 0x00007ff873897000 	C:\WINDOWS\System32\win32u.dll
0x00007ff875fe0000 - 0x00007ff87600b000 	C:\WINDOWS\System32\GDI32.dll
0x00007ff873740000 - 0x00007ff87386d000 	C:\WINDOWS\System32\gdi32full.dll
0x00007ff873ce0000 - 0x00007ff873d83000 	C:\WINDOWS\System32\msvcp_win.dll
0x00007ff86bed0000 - 0x00007ff86bedb000 	C:\WINDOWS\SYSTEM32\VERSION.dll
0x00007ff875fa0000 - 0x00007ff875fcf000 	C:\WINDOWS\System32\IMM32.DLL
0x00007ff86dc40000 - 0x00007ff86dc4c000 	C:\Program Files\Java\jdk-17\bin\vcruntime140_1.dll
0x00007ff841070000 - 0x00007ff8410fe000 	C:\Program Files\Java\jdk-17\bin\msvcp140.dll
0x00007fffda340000 - 0x00007fffdaf1d000 	C:\Program Files\Java\jdk-17\bin\server\jvm.dll
0x00007ff875730000 - 0x00007ff875738000 	C:\WINDOWS\System32\PSAPI.DLL
0x00007ff85b550000 - 0x00007ff85b55a000 	C:\WINDOWS\SYSTEM32\WSOCK32.dll
0x00007ff874670000 - 0x00007ff8746e4000 	C:\WINDOWS\System32\WS2_32.dll
0x00007ff86bcb0000 - 0x00007ff86bce5000 	C:\WINDOWS\SYSTEM32\WINMM.dll
0x00007ff871fc0000 - 0x00007ff871fdb000 	C:\WINDOWS\SYSTEM32\kernel.appcore.dll
0x00007ff869ba0000 - 0x00007ff869baa000 	C:\Program Files\Java\jdk-17\bin\jimage.dll
0x00007ff870890000 - 0x00007ff870ad2000 	C:\WINDOWS\SYSTEM32\DBGHELP.DLL
0x00007ff874960000 - 0x00007ff874cdb000 	C:\WINDOWS\System32\combase.dll
0x00007ff874d30000 - 0x00007ff874e07000 	C:\WINDOWS\System32\OLEAUT32.dll
0x00007ff85def0000 - 0x00007ff85df2c000 	C:\WINDOWS\SYSTEM32\dbgcore.DLL
0x00007ff873d90000 - 0x00007ff873e28000 	C:\WINDOWS\System32\bcryptPrimitives.dll
0x00007ff846560000 - 0x00007ff84656e000 	C:\Program Files\Java\jdk-17\bin\instrument.dll
0x00007ff844890000 - 0x00007ff8448b5000 	C:\Program Files\Java\jdk-17\bin\java.dll
0x00007ff83b940000 - 0x00007ff83ba17000 	C:\Program Files\Java\jdk-17\bin\jsvml.dll
0x00007ff874f20000 - 0x00007ff87566d000 	C:\WINDOWS\System32\SHELL32.dll
0x00007ff873930000 - 0x00007ff873a9b000 	C:\WINDOWS\System32\wintypes.dll
0x00007ff870e80000 - 0x00007ff8716dd000 	C:\WINDOWS\SYSTEM32\windows.storage.dll
0x00007ff874570000 - 0x00007ff874662000 	C:\WINDOWS\System32\SHCORE.dll
0x00007ff875ad0000 - 0x00007ff875b32000 	C:\WINDOWS\System32\shlwapi.dll
0x00007ff873110000 - 0x00007ff873139000 	C:\WINDOWS\SYSTEM32\profapi.dll
0x00007ff844150000 - 0x00007ff844168000 	C:\Program Files\Java\jdk-17\bin\zip.dll
0x00007ff844b40000 - 0x00007ff844b59000 	C:\Program Files\Java\jdk-17\bin\net.dll
0x00007ff868350000 - 0x00007ff86846f000 	C:\WINDOWS\SYSTEM32\WINHTTP.dll
0x00007ff872530000 - 0x00007ff87259b000 	C:\WINDOWS\system32\mswsock.dll
0x00007ff8448e0000 - 0x00007ff8448f6000 	C:\Program Files\Java\jdk-17\bin\nio.dll

dbghelp: loaded successfully - version: 4.0.5 - missing functions: none
symbol engine: initialized successfully - sym options: 0x614 - pdb path: .;C:\Program Files\Java\jdk-17\bin;C:\WINDOWS\SYSTEM32;C:\WINDOWS\WinSxS\amd64_microsoft.windows.common-controls_6595b64144ccf1df_6.0.26100.6899_none_3e0efeeae32e88c1;C:\Program Files\Java\jdk-17\bin\server

VM Arguments:
jvm_args: -javaagent:C:\Program Files\JetBrains\IntelliJ IDEA Community Edition 2025.2.4\lib\idea_rt.jar=58699 -Dfile.encoding=UTF-8 
java_command: co.edu.unicauca.document_management.DocumentManagementApplication
java_class_path (initial): C:\Users\usuario\OneDrive - unicauca.edu.co\ING SISTEMAS\SEMESTRE 7\Ingenieria de Software II\document_management\target\classes;C:\Users\usuario\.m2\repository\org\springframework\boot\spring-boot-starter-data-jpa\3.5.6\spring-boot-starter-data-jpa-3.5.6.jar;C:\Users\usuario\.m2\repository\org\springframework\boot\spring-boot-starter\3.5.6\spring-boot-starter-3.5.6.jar;C:\Users\usuario\.m2\repository\org\springframework\boot\spring-boot-starter-logging\3.5.6\spring-boot-starter-logging-3.5.6.jar;C:\Users\usuario\.m2\repository\ch\qos\logback\logback-classic\1.5.18\logback-classic-1.5.18.jar;C:\Users\usuario\.m2\repository\ch\qos\logback\logback-core\1.5.18\logback-core-1.5.18.jar;C:\Users\usuario\.m2\repository\org\apache\logging\log4j\log4j-to-slf4j\2.24.3\log4j-to-slf4j-2.24.3.jar;C:\Users\usuario\.m2\repository\org\apache\logging\log4j\log4j-api\2.24.3\log4j-api-2.24.3.jar;C:\Users\usuario\.m2\repository\org\slf4j\jul-to-slf4j\2.0.17\jul-to-slf4j-2.0.17.jar;C:\Users\usuario\.m2\repository\jakarta\annotation\jakarta.annotation-api\2.1.1\jakarta.annotation-api-2.1.1.jar;C:\Users\usuario\.m2\repository\org\yaml\snakeyaml\2.4\snakeyaml-2.4.jar;C:\Users\usuario\.m2\repository\org\springframework\boot\spring-boot-starter-jdbc\3.5.6\spring-boot-starter-jdbc-3.5.6.jar;C:\Users\usuario\.m2\repository\com\zaxxer\HikariCP\6.3.3\HikariCP-6.3.3.jar;C:\Users\usuario\.m2\repository\org\springframework\spring-jdbc\6.2.11\spring-jdbc-6.2.11.jar;C:\Users\usuario\.m2\repository\org\hibernate\orm\hibernate-core\6.6.29.Final\hibernate-core-6.6.29.Final.jar;C:\Users\usuario\.m2\repository\jakarta\persistence\jakarta.persistence-api\3.1.0\jakarta.persistence-api-3.1.0.jar;C:\Users\usuario\.m2\repository\jakarta\transaction\jakarta.transaction-api\2.0.1\jakarta.transaction-api-2.0.1.jar;C:\Users\usuario\.m2\repository\org\jboss\logging\jboss-logging\3.6.1.Final\jboss-logging-3.6.1.Final.jar;C:\Users\usuario\.m2\repository\org\hibernate\common\hibernate-comm
Launcher Type: SUN_STANDARD

[Global flags]
     intx CICompilerCount                          = 3                                         {product} {ergonomic}
     uint ConcGCThreads                            = 1                                         {product} {ergonomic}
     uint G1ConcRefinementThreads                  = 4                                         {product} {ergonomic}
   size_t G1HeapRegionSize                         = 1048576                                   {product} {ergonomic}
    uintx GCDrainStackTargetSize                   = 64                                        {product} {ergonomic}
   size_t InitialHeapSize                          = 58720256                                  {product} {ergonomic}
   size_t MarkStackSize                            = 4194304                                   {product} {ergonomic}
   size_t MaxHeapSize                              = 926941184                                 {product} {ergonomic}
   size_t MaxNewSize                               = 555745280                                 {product} {ergonomic}
   size_t MinHeapDeltaBytes                        = 1048576                                   {product} {ergonomic}
   size_t MinHeapSize                              = 8388608                                   {product} {ergonomic}
    uintx NonNMethodCodeHeapSize                   = 5832780                                {pd product} {ergonomic}
    uintx NonProfiledCodeHeapSize                  = 122912730                              {pd product} {ergonomic}
    uintx ProfiledCodeHeapSize                     = 122912730                              {pd product} {ergonomic}
    uintx ReservedCodeCacheSize                    = 251658240                              {pd product} {ergonomic}
     bool SegmentedCodeCache                       = true                                      {product} {ergonomic}
   size_t SoftMaxHeapSize                          = 926941184                              {manageable} {ergonomic}
     bool UseCompressedClassPointers               = true                           {product lp64_product} {ergonomic}
     bool UseCompressedOops                        = true                           {product lp64_product} {ergonomic}
     bool UseG1GC                                  = true                                      {product} {ergonomic}
     bool UseLargePagesIndividualAllocation        = false                                  {pd product} {ergonomic}

Logging:
Log output configuration:
 #0: stdout all=warning uptime,level,tags
 #1: stderr all=off uptime,level,tags

Environment Variables:
JAVA_HOME=C:\Program Files\Java\jdk-20.0.1
PATH=C:\Program Files (x86)\Common Files\Oracle\Java\java8path;C:\Program Files (x86)\Common Files\Oracle\Java\javapath;C:\Program Files\cdrtools;C:\WINDOWS\system32;C:\WINDOWS;C:\WINDOWS\System32\Wbem;C:\WINDOWS\System32\WindowsPowerShell\v1.0\;C:\WINDOWS\System32\OpenSSH\;C:\Program Files\nodejs\;C:\ProgramData\chocolatey\bin;C:\instantclient_23_8\;C:\Users\usuario\AppData\Local\Programs\Python\Python311\Scripts\;C:\Users\usuario\AppData\Local\Programs\Python\Python311\;C:\Users\usuario\.console-ninja\.bin;C:\Users\usuario\AppData\Local\Programs\Python\Python310\Scripts\;C:\Users\usuario\AppData\Local\Programs\Python\Python310\;C:\Program Files\MySQL\MySQL Shell 8.0\bin\;C:\Users\usuario\AppData\Local\Microsoft\WindowsApps;C:\Program Files\JetBrains\IntelliJ IDEA Community Edition 2023.1\bin;C:\Program Files\heroku\bin;C:\Users\usuario\AppData\Local\Programs\Microsoft VS Code\bin;C:\Users\usuario\AppData\Local\GitHubDesktop\bin;C:\Users\usuario\.dotnet\tools;C:\msys32\mingw32\bin;C:\msys32\usr\bin;C:\qemu;C:\bochs\bin;C:\Program Files (x86)\cdrtools;C:\cross-gcc\bin;C:\ Program Files\Oracle\VirtualBox;;C:\Users\usuario\AppData\Local\Microsoft\WindowsApps;C:\Users\usuario\AppData\Roaming\npm;C:\Users\usuario\AppData\Local\Programs\cursor\resources\app\bin
USERNAME=edwin
OS=Windows_NT
PROCESSOR_IDENTIFIER=AMD64 Family 23 Model 24 Stepping 1, AuthenticAMD



---------------  S Y S T E M  ---------------

OS:
 Windows 11 , 64 bit Build 26100 (10.0.26100.6725)
OS uptime: 0 days 2:20 hours

CPU: total 4 (initial active 4) (4 cores per cpu, 2 threads per core) family 23 model 24 stepping 1 microcode 0x8108109, cx8, cmov, fxsr, ht, mmx, 3dnowpref, sse, sse2, sse3, ssse3, sse4a, sse4.1, sse4.2, popcnt, lzcnt, tsc, tscinvbit, avx, avx2, aes, clmul, bmi1, bmi2, adx, sha, fma, vzeroupper, clflush, clflushopt

Memory: 4k page, system-wide physical 3534M (264M free)
TotalPageFile size 12348M (AvailPageFile size 3M)
current process WorkingSet (physical memory assigned to process): 52M, peak: 52M
current process commit charge ("private bytes"): 135M, peak: 135M

vm_info: Java HotSpot(TM) 64-Bit Server VM (17.0.7+8-LTS-224) for windows-amd64 JRE (17.0.7+8-LTS-224), built on Feb 28 2023 23:03:02 by "mach5one" with MS VC++ 17.1 (VS2022)

END.
