#
# There is insufficient memory for the Java Runtime Environment to continue.
# Native memory allocation (mmap) failed to map 157286400 bytes for G1 virtual space
# Possible reasons:
#   The system is out of physical RAM or swap space
#   The process is running with CompressedOops enabled, and the Java Heap may be blocking the growth of the native heap
# Possible solutions:
#   Reduce memory load on the system
#   Increase physical memory or swap space
#   Check if swap backing store is full
#   Decrease Java heap size (-Xmx/-Xms)
#   Decrease number of Java threads
#   Decrease Java thread stack sizes (-Xss)
#   Set larger code cache with -XX:ReservedCodeCacheSize=
#   JVM is running with Unscaled Compressed Oops mode in which the Java heap is
#     placed in the first 4GB address space. The Java Heap base address is the
#     maximum limit for the native heap growth. Please use -XX:HeapBaseMinAddress
#     to set the Java Heap base and to place the Java Heap above 4GB virtual address.
# This output file may be truncated or incomplete.
#
#  Out of Memory Error (os_windows.cpp:3550), pid=13460, tid=10796
#
# JRE version: Java(TM) SE Runtime Environment (17.0.7+8) (build 17.0.7+8-LTS-224)
# Java VM: Java HotSpot(TM) 64-Bit Server VM (17.0.7+8-LTS-224, mixed mode, sharing, tiered, compressed oops, compressed class ptrs, g1 gc, windows-amd64)
# No core dump will be written. Minidumps are not enabled by default on client versions of Windows
#

---------------  S U M M A R Y ------------

Command Line: -javaagent:C:\Program Files\JetBrains\IntelliJ IDEA Community Edition 2025.2.4\lib\idea_rt.jar=55699 -Dfile.encoding=UTF-8 co.edu.unicauca.document_management.DocumentManagementApplication

Host: AMD Ryzen 3 3250U with Radeon Graphics         , 4 cores, 3G,  Windows 11 , 64 bit Build 26100 (10.0.26100.6725)
Time: Wed Oct 29 18:04:35 2025 Hora est. Pacífico, Sudamérica elapsed time: 335.099897 seconds (0d 0h 5m 35s)

---------------  T H R E A D  ---------------

Current thread (0x000001e92c019760):  VMThread "VM Thread" [stack: 0x0000005bc6700000,0x0000005bc6800000] [id=10796]

Stack: [0x0000005bc6700000,0x0000005bc6800000]
Native frames: (J=compiled Java code, j=interpreted, Vv=VM code, C=native code)
V  [jvm.dll+0x676a4a]
V  [jvm.dll+0x7d74f4]
V  [jvm.dll+0x7d8c9e]
V  [jvm.dll+0x7d9303]
V  [jvm.dll+0x2452c5]
V  [jvm.dll+0x6738f9]
V  [jvm.dll+0x668232]
V  [jvm.dll+0x302826]
V  [jvm.dll+0x309da6]
V  [jvm.dll+0x35952e]
V  [jvm.dll+0x35975f]
V  [jvm.dll+0x2d9a38]
V  [jvm.dll+0x2d7e45]
V  [jvm.dll+0x2d744c]
V  [jvm.dll+0x31ab1b]
V  [jvm.dll+0x7ddb0b]
V  [jvm.dll+0x7de844]
V  [jvm.dll+0x7ded5d]
V  [jvm.dll+0x7df134]
V  [jvm.dll+0x7df200]
V  [jvm.dll+0x78759a]
V  [jvm.dll+0x675875]
C  [ucrtbase.dll+0x37b0]
C  [KERNEL32.DLL+0x2e8d7]
C  [ntdll.dll+0x8c53c]

VM_Operation (0x0000005bc7ffdd20): G1CollectForAllocation, mode: safepoint, requested by thread 0x000001e94c7ffd90


---------------  P R O C E S S  ---------------

Threads class SMR info:
_java_thread_list=0x000001e94a4d0ef0, length=38, elements={
0x000001e92c01e9a0, 0x000001e92c021d00, 0x000001e9474a1c50, 0x000001e9474a2800,
0x000001e9474a52c0, 0x000001e9474a5c70, 0x000001e9474a6950, 0x000001e9474bac30,
0x000001e9474c1120, 0x000001e92c00d5d0, 0x000001e94822ad40, 0x000001e94822b210,
0x000001e94d4c97a0, 0x000001e94a6eef60, 0x000001e94b232bd0, 0x000001e9489f2890,
0x000001e9482c6820, 0x000001e94c7ff8c0, 0x000001e94c8028e0, 0x000001e94c7ffd90,
0x000001e94c800730, 0x000001e94c8010d0, 0x000001e94c800260, 0x000001e94c800c00,
0x000001e94c7fef20, 0x000001e94c8015a0, 0x000001e94c801a70, 0x000001e94c802410,
0x000001e94c7ff3f0, 0x000001e94ce7f880, 0x000001e94ce7fd50, 0x000001e94ce80bc0,
0x000001e94ce7eee0, 0x000001e94ce81a30, 0x000001e94ce80220, 0x000001e94ce7e540,
0x000001e94ce806f0, 0x000001e94ce7e070
}

Java Threads: ( => current thread )
  0x000001e92c01e9a0 JavaThread "Reference Handler" daemon [_thread_blocked, id=2576, stack(0x0000005bc6800000,0x0000005bc6900000)]
  0x000001e92c021d00 JavaThread "Finalizer" daemon [_thread_blocked, id=18152, stack(0x0000005bc6900000,0x0000005bc6a00000)]
  0x000001e9474a1c50 JavaThread "Signal Dispatcher" daemon [_thread_blocked, id=15032, stack(0x0000005bc6a00000,0x0000005bc6b00000)]
  0x000001e9474a2800 JavaThread "Attach Listener" daemon [_thread_blocked, id=3008, stack(0x0000005bc6b00000,0x0000005bc6c00000)]
  0x000001e9474a52c0 JavaThread "Service Thread" daemon [_thread_blocked, id=16648, stack(0x0000005bc6c00000,0x0000005bc6d00000)]
  0x000001e9474a5c70 JavaThread "Monitor Deflation Thread" daemon [_thread_blocked, id=5736, stack(0x0000005bc6d00000,0x0000005bc6e00000)]
  0x000001e9474a6950 JavaThread "C2 CompilerThread0" daemon [_thread_blocked, id=8516, stack(0x0000005bc6e00000,0x0000005bc6f00000)]
  0x000001e9474bac30 JavaThread "C1 CompilerThread0" daemon [_thread_blocked, id=2684, stack(0x0000005bc6f00000,0x0000005bc7000000)]
  0x000001e9474c1120 JavaThread "Sweeper thread" daemon [_thread_blocked, id=19544, stack(0x0000005bc7000000,0x0000005bc7100000)]
  0x000001e92c00d5d0 JavaThread "Common-Cleaner" daemon [_thread_blocked, id=19164, stack(0x0000005bc7100000,0x0000005bc7200000)]
  0x000001e94822ad40 JavaThread "Monitor Ctrl-Break" daemon [_thread_in_native, id=16452, stack(0x0000005bc7200000,0x0000005bc7300000)]
  0x000001e94822b210 JavaThread "Notification Thread" daemon [_thread_blocked, id=19616, stack(0x0000005bc7300000,0x0000005bc7400000)]
  0x000001e94d4c97a0 JavaThread "Catalina-utility-1" [_thread_blocked, id=4844, stack(0x0000005bc7b00000,0x0000005bc7c00000)]
  0x000001e94a6eef60 JavaThread "Catalina-utility-2" [_thread_blocked, id=1072, stack(0x0000005bc7c00000,0x0000005bc7d00000)]
  0x000001e94b232bd0 JavaThread "container-0" [_thread_blocked, id=10448, stack(0x0000005bc7d00000,0x0000005bc7e00000)]
  0x000001e9489f2890 JavaThread "MVStore background writer C:/Users/usuario/OneDrive - unicauca.edu.co/ING SISTEMAS/SEMESTRE 7/Ingenieria de Software II/document_management/data/documentdb.mv.db" daemon [_thread_blocked, id=3752, stack(0x0000005bc7a00000,0x0000005bc7b00000)]
  0x000001e9482c6820 JavaThread "HikariPool-1:housekeeper" daemon [_thread_blocked, id=11132, stack(0x0000005bc7e00000,0x0000005bc7f00000)]
  0x000001e94c7ff8c0 JavaThread "H2-serialization" daemon [_thread_blocked, id=10192, stack(0x0000005bc8000000,0x0000005bc8100000)]
  0x000001e94c8028e0 JavaThread "H2-save" daemon [_thread_blocked, id=9172, stack(0x0000005bc8100000,0x0000005bc8200000)]
  0x000001e94c7ffd90 JavaThread "File Watcher" daemon [_thread_blocked, id=20468, stack(0x0000005bc7f00000,0x0000005bc8000000)]
  0x000001e94c800730 JavaThread "Live Reload Server" daemon [_thread_in_native, id=8100, stack(0x0000005bc8300000,0x0000005bc8400000)]
  0x000001e94c8010d0 JavaThread "http-nio-8082-exec-1" daemon [_thread_blocked, id=19820, stack(0x0000005bc8200000,0x0000005bc8300000)]
  0x000001e94c800260 JavaThread "http-nio-8082-exec-2" daemon [_thread_blocked, id=22500, stack(0x0000005bc8400000,0x0000005bc8500000)]
  0x000001e94c800c00 JavaThread "http-nio-8082-exec-3" daemon [_thread_blocked, id=268, stack(0x0000005bc8500000,0x0000005bc8600000)]
  0x000001e94c7fef20 JavaThread "http-nio-8082-exec-4" daemon [_thread_blocked, id=19324, stack(0x0000005bc8600000,0x0000005bc8700000)]
  0x000001e94c8015a0 JavaThread "http-nio-8082-exec-5" daemon [_thread_blocked, id=18992, stack(0x0000005bc8700000,0x0000005bc8800000)]
  0x000001e94c801a70 JavaThread "http-nio-8082-exec-6" daemon [_thread_blocked, id=1284, stack(0x0000005bc8800000,0x0000005bc8900000)]
  0x000001e94c802410 JavaThread "http-nio-8082-exec-7" daemon [_thread_blocked, id=9248, stack(0x0000005bc8900000,0x0000005bc8a00000)]
  0x000001e94c7ff3f0 JavaThread "http-nio-8082-exec-8" daemon [_thread_blocked, id=22228, stack(0x0000005bc8a00000,0x0000005bc8b00000)]
  0x000001e94ce7f880 JavaThread "http-nio-8082-exec-9" daemon [_thread_blocked, id=13348, stack(0x0000005bc8b00000,0x0000005bc8c00000)]
  0x000001e94ce7fd50 JavaThread "http-nio-8082-exec-10" daemon [_thread_blocked, id=14348, stack(0x0000005bc8c00000,0x0000005bc8d00000)]
  0x000001e94ce80bc0 JavaThread "http-nio-8082-Poller" daemon [_thread_blocked, id=22468, stack(0x0000005bc8d00000,0x0000005bc8e00000)]
  0x000001e94ce7eee0 JavaThread "http-nio-8082-Acceptor" daemon [_thread_in_native, id=4024, stack(0x0000005bc8e00000,0x0000005bc8f00000)]
  0x000001e94ce81a30 JavaThread "AMQP Connection 127.0.0.1:5672" [_thread_in_native, id=20176, stack(0x0000005bc9000000,0x0000005bc9100000)]
  0x000001e94ce80220 JavaThread "pool-2-thread-2" [_thread_blocked, id=13800, stack(0x0000005bc9100000,0x0000005bc9200000)]
  0x000001e94ce7e540 JavaThread "org.springframework.amqp.rabbit.RabbitListenerEndpointContainer#0-1" [_thread_blocked, id=15904, stack(0x0000005bc9200000,0x0000005bc9300000)]
  0x000001e94ce806f0 JavaThread "pool-2-thread-3" [_thread_blocked, id=10928, stack(0x0000005bc9300000,0x0000005bc9400000)]
  0x000001e94ce7e070 JavaThread "DestroyJavaVM" [_thread_blocked, id=22224, stack(0x0000005bc6100000,0x0000005bc6200000)]

Other Threads:
=>0x000001e92c019760 VMThread "VM Thread" [stack: 0x0000005bc6700000,0x0000005bc6800000] [id=10796]
  0x000001e92bfbef70 WatcherThread [stack: 0x0000005bc7400000,0x0000005bc7500000] [id=19176]
  0x000001e92bfa3e90 GCTaskThread "GC Thread#0" [stack: 0x0000005bc6200000,0x0000005bc6300000] [id=16816]
  0x000001e948696970 GCTaskThread "GC Thread#1" [stack: 0x0000005bc7500000,0x0000005bc7600000] [id=17556]
  0x000001e9489554f0 GCTaskThread "GC Thread#2" [stack: 0x0000005bc7600000,0x0000005bc7700000] [id=21004]
  0x000001e948961080 GCTaskThread "GC Thread#3" [stack: 0x0000005bc7700000,0x0000005bc7800000] [id=11684]
  0x000001e92bfabc50 ConcurrentGCThread "G1 Main Marker" [stack: 0x0000005bc6300000,0x0000005bc6400000] [id=18272]
  0x000001e92bfaf990 ConcurrentGCThread "G1 Conc#0" [stack: 0x0000005bc6400000,0x0000005bc6500000] [id=8040]
  0x000001e92bff7a70 ConcurrentGCThread "G1 Refine#0" [stack: 0x0000005bc6500000,0x0000005bc6600000] [id=12964]
  0x000001e92bff8330 ConcurrentGCThread "G1 Service" [stack: 0x0000005bc6600000,0x0000005bc6700000] [id=19140]

Threads with active compile tasks:

VM state: at safepoint (normal execution)

VM Mutex/Monitor currently owned by a thread:  ([mutex/lock_event])
[0x000001e92bf67bb0] Threads_lock - owner thread: 0x000001e92c019760
[0x000001e92bf67340] Heap_lock - owner thread: 0x000001e94c7ffd90

Heap address: 0x00000000c8c00000, size: 884 MB, Compressed Oops mode: 32-bit

CDS archive(s) mapped at: [0x0000000800000000-0x0000000800bd0000-0x0000000800bd0000), size 12386304, SharedBaseAddress: 0x0000000800000000, ArchiveRelocationMode: 0.
Compressed class space mapped at: 0x0000000800c00000-0x0000000840c00000, reserved size: 1073741824
Narrow klass base: 0x0000000800000000, Narrow klass shift: 0, Narrow klass range: 0x100000000

GC Precious Log:
 CPUs: 4 total, 4 available
 Memory: 3534M
 Large Page Support: Disabled
 NUMA Support: Disabled
 Compressed Oops: Enabled (32-bit)
 Heap Region Size: 1M
 Heap Min Capacity: 8M
 Heap Initial Capacity: 56M
 Heap Max Capacity: 884M
 Pre-touch: Disabled
 Parallel Workers: 4
 Concurrent Workers: 1
 Concurrent Refinement Workers: 4
 Periodic GC: Disabled

Heap:
 garbage-first heap   total 76800K, used 40071K [0x00000000c8c00000, 0x0000000100000000)
  region size 1024K, 2 young (2048K), 2 survivors (2048K)
 Metaspace       used 81587K, committed 82304K, reserved 1122304K
  class space    used 11309K, committed 11648K, reserved 1048576K

Heap Regions: E=young(eden), S=young(survivor), O=old, HS=humongous(starts), HC=humongous(continues), CS=collection set, F=free, OA=open archive, CA=closed archive, TAMS=top-at-mark-start (previous, next)
|   0|0x00000000c8c00000, 0x00000000c8d00000, 0x00000000c8d00000|100%|HS|  |TAMS 0x00000000c8d00000, 0x00000000c8c00000| Complete 
|   1|0x00000000c8d00000, 0x00000000c8e00000, 0x00000000c8e00000|100%|HS|  |TAMS 0x00000000c8e00000, 0x00000000c8d00000| Complete 
|   2|0x00000000c8e00000, 0x00000000c8f00000, 0x00000000c8f00000|100%| O|  |TAMS 0x00000000c8f00000, 0x00000000c8e00000| Untracked 
|   3|0x00000000c8f00000, 0x00000000c9000000, 0x00000000c9000000|100%| O|  |TAMS 0x00000000c9000000, 0x00000000c8f00000| Untracked 
|   4|0x00000000c9000000, 0x00000000c9100000, 0x00000000c9100000|100%| O|  |TAMS 0x00000000c9100000, 0x00000000c9000000| Untracked 
|   5|0x00000000c9100000, 0x00000000c9200000, 0x00000000c9200000|100%| O|  |TAMS 0x00000000c9200000, 0x00000000c9100000| Untracked 
|   6|0x00000000c9200000, 0x00000000c9300000, 0x00000000c9300000|100%| O|  |TAMS 0x00000000c9300000, 0x00000000c9200000| Untracked 
|   7|0x00000000c9300000, 0x00000000c9400000, 0x00000000c9400000|100%| O|  |TAMS 0x00000000c9400000, 0x00000000c9300000| Untracked 
|   8|0x00000000c9400000, 0x00000000c9500000, 0x00000000c9500000|100%| O|  |TAMS 0x00000000c9500000, 0x00000000c9400000| Untracked 
|   9|0x00000000c9500000, 0x00000000c9600000, 0x00000000c9600000|100%| O|  |TAMS 0x00000000c9600000, 0x00000000c9500000| Untracked 
|  10|0x00000000c9600000, 0x00000000c9700000, 0x00000000c9700000|100%| O|  |TAMS 0x00000000c9700000, 0x00000000c9600000| Untracked 
|  11|0x00000000c9700000, 0x00000000c9800000, 0x00000000c9800000|100%| O|  |TAMS 0x00000000c9800000, 0x00000000c9700000| Untracked 
|  12|0x00000000c9800000, 0x00000000c9900000, 0x00000000c9900000|100%| O|  |TAMS 0x00000000c9900000, 0x00000000c9800000| Untracked 
|  13|0x00000000c9900000, 0x00000000c9a00000, 0x00000000c9a00000|100%| O|  |TAMS 0x00000000c9a00000, 0x00000000c9900000| Untracked 
|  14|0x00000000c9a00000, 0x00000000c9b00000, 0x00000000c9b00000|100%| O|  |TAMS 0x00000000c9b00000, 0x00000000c9a00000| Untracked 
|  15|0x00000000c9b00000, 0x00000000c9c00000, 0x00000000c9c00000|100%| O|  |TAMS 0x00000000c9c00000, 0x00000000c9b00000| Untracked 
|  16|0x00000000c9c00000, 0x00000000c9d00000, 0x00000000c9d00000|100%| O|  |TAMS 0x00000000c9d00000, 0x00000000c9c00000| Untracked 
|  17|0x00000000c9d00000, 0x00000000c9e00000, 0x00000000c9e00000|100%| O|  |TAMS 0x00000000c9e00000, 0x00000000c9d00000| Untracked 
|  18|0x00000000c9e00000, 0x00000000c9f00000, 0x00000000c9f00000|100%| O|  |TAMS 0x00000000c9f00000, 0x00000000c9e00000| Untracked 
|  19|0x00000000c9f00000, 0x00000000ca000000, 0x00000000ca000000|100%| O|  |TAMS 0x00000000ca000000, 0x00000000c9f00000| Untracked 
|  20|0x00000000ca000000, 0x00000000ca100000, 0x00000000ca100000|100%| O|  |TAMS 0x00000000ca100000, 0x00000000ca000000| Untracked 
|  21|0x00000000ca100000, 0x00000000ca200000, 0x00000000ca200000|100%| O|  |TAMS 0x00000000ca100000, 0x00000000ca100000| Untracked 
|  22|0x00000000ca200000, 0x00000000ca300000, 0x00000000ca300000|100%|HS|  |TAMS 0x00000000ca300000, 0x00000000ca200000| Complete 
|  23|0x00000000ca300000, 0x00000000ca400000, 0x00000000ca400000|100%|HC|  |TAMS 0x00000000ca400000, 0x00000000ca300000| Complete 
|  24|0x00000000ca400000, 0x00000000ca500000, 0x00000000ca500000|100%| O|  |TAMS 0x00000000ca500000, 0x00000000ca400000| Untracked 
|  25|0x00000000ca500000, 0x00000000ca600000, 0x00000000ca600000|100%| O|  |TAMS 0x00000000ca600000, 0x00000000ca500000| Untracked 
|  26|0x00000000ca600000, 0x00000000ca700000, 0x00000000ca700000|100%| O|  |TAMS 0x00000000ca700000, 0x00000000ca600000| Untracked 
|  27|0x00000000ca700000, 0x00000000ca800000, 0x00000000ca800000|100%| O|  |TAMS 0x00000000ca800000, 0x00000000ca700000| Untracked 
|  28|0x00000000ca800000, 0x00000000ca900000, 0x00000000ca900000|100%| O|  |TAMS 0x00000000ca900000, 0x00000000ca800000| Untracked 
|  29|0x00000000ca900000, 0x00000000caa00000, 0x00000000caa00000|100%| O|  |TAMS 0x00000000caa00000, 0x00000000ca900000| Untracked 
|  30|0x00000000caa00000, 0x00000000caa00000, 0x00000000cab00000|  0%| F|  |TAMS 0x00000000caa00000, 0x00000000caa00000| Untracked 
|  31|0x00000000cab00000, 0x00000000cac00000, 0x00000000cac00000|100%| O|  |TAMS 0x00000000cac00000, 0x00000000cab00000| Untracked 
|  32|0x00000000cac00000, 0x00000000cad00000, 0x00000000cad00000|100%| O|  |TAMS 0x00000000cad00000, 0x00000000cac00000| Untracked 
|  33|0x00000000cad00000, 0x00000000cae00000, 0x00000000cae00000|100%| O|  |TAMS 0x00000000cae00000, 0x00000000cad00000| Untracked 
|  34|0x00000000cae00000, 0x00000000caf00000, 0x00000000caf00000|100%| O|  |TAMS 0x00000000caf00000, 0x00000000cae00000| Untracked 
|  35|0x00000000caf00000, 0x00000000cb000000, 0x00000000cb000000|100%| O|  |TAMS 0x00000000cb000000, 0x00000000caf00000| Untracked 
|  36|0x00000000cb000000, 0x00000000cb100000, 0x00000000cb100000|100%| O|  |TAMS 0x00000000cb100000, 0x00000000cb000000| Untracked 
|  37|0x00000000cb100000, 0x00000000cb200000, 0x00000000cb200000|100%| O|  |TAMS 0x00000000cb109400, 0x00000000cb100000| Untracked 
|  38|0x00000000cb200000, 0x00000000cb300000, 0x00000000cb300000|100%| O|  |TAMS 0x00000000cb200000, 0x00000000cb200000| Untracked 
|  39|0x00000000cb300000, 0x00000000cb300000, 0x00000000cb400000|  0%| F|  |TAMS 0x00000000cb300000, 0x00000000cb300000| Untracked 
|  40|0x00000000cb400000, 0x00000000cb400000, 0x00000000cb500000|  0%| F|  |TAMS 0x00000000cb400000, 0x00000000cb400000| Untracked 
|  41|0x00000000cb500000, 0x00000000cb500000, 0x00000000cb600000|  0%| F|  |TAMS 0x00000000cb500000, 0x00000000cb500000| Untracked 
|  42|0x00000000cb600000, 0x00000000cb600000, 0x00000000cb700000|  0%| F|  |TAMS 0x00000000cb600000, 0x00000000cb600000| Untracked 
|  43|0x00000000cb700000, 0x00000000cb700000, 0x00000000cb800000|  0%| F|  |TAMS 0x00000000cb700000, 0x00000000cb700000| Untracked 
|  44|0x00000000cb800000, 0x00000000cb800000, 0x00000000cb900000|  0%| F|  |TAMS 0x00000000cb800000, 0x00000000cb800000| Untracked 
|  45|0x00000000cb900000, 0x00000000cb900000, 0x00000000cba00000|  0%| F|  |TAMS 0x00000000cb900000, 0x00000000cb900000| Untracked 
|  46|0x00000000cba00000, 0x00000000cba00000, 0x00000000cbb00000|  0%| F|  |TAMS 0x00000000cba00000, 0x00000000cba00000| Untracked 
|  47|0x00000000cbb00000, 0x00000000cbb00000, 0x00000000cbc00000|  0%| F|  |TAMS 0x00000000cbb00000, 0x00000000cbb00000| Untracked 
|  48|0x00000000cbc00000, 0x00000000cbc00000, 0x00000000cbd00000|  0%| F|  |TAMS 0x00000000cbc00000, 0x00000000cbc00000| Untracked 
|  49|0x00000000cbd00000, 0x00000000cbd00000, 0x00000000cbe00000|  0%| F|  |TAMS 0x00000000cbd00000, 0x00000000cbd00000| Untracked 
|  50|0x00000000cbe00000, 0x00000000cbe00000, 0x00000000cbf00000|  0%| F|  |TAMS 0x00000000cbe00000, 0x00000000cbe00000| Untracked 
|  51|0x00000000cbf00000, 0x00000000cbf00000, 0x00000000cc000000|  0%| F|  |TAMS 0x00000000cbf00000, 0x00000000cbf00000| Untracked 
|  52|0x00000000cc000000, 0x00000000cc021f98, 0x00000000cc100000| 13%| S|CS|TAMS 0x00000000cc000000, 0x00000000cc000000| Complete 
|  53|0x00000000cc100000, 0x00000000cc200000, 0x00000000cc200000|100%| S|CS|TAMS 0x00000000cc100000, 0x00000000cc100000| Complete 
|  54|0x00000000cc200000, 0x00000000cc200000, 0x00000000cc300000|  0%| F|  |TAMS 0x00000000cc200000, 0x00000000cc200000| Untracked 
|  55|0x00000000cc300000, 0x00000000cc300000, 0x00000000cc400000|  0%| F|  |TAMS 0x00000000cc300000, 0x00000000cc300000| Untracked 
|  56|0x00000000cc400000, 0x00000000cc400000, 0x00000000cc500000|  0%| F|  |TAMS 0x00000000cc400000, 0x00000000cc400000| Untracked 
|  57|0x00000000cc500000, 0x00000000cc500000, 0x00000000cc600000|  0%| F|  |TAMS 0x00000000cc500000, 0x00000000cc500000| Untracked 
|  58|0x00000000cc600000, 0x00000000cc600000, 0x00000000cc700000|  0%| F|  |TAMS 0x00000000cc600000, 0x00000000cc600000| Untracked 
|  59|0x00000000cc700000, 0x00000000cc700000, 0x00000000cc800000|  0%| F|  |TAMS 0x00000000cc700000, 0x00000000cc700000| Untracked 
|  60|0x00000000cc800000, 0x00000000cc800000, 0x00000000cc900000|  0%| F|  |TAMS 0x00000000cc800000, 0x00000000cc800000| Untracked 
|  61|0x00000000cc900000, 0x00000000cc900000, 0x00000000cca00000|  0%| F|  |TAMS 0x00000000cc900000, 0x00000000cc900000| Untracked 
|  62|0x00000000cca00000, 0x00000000cca00000, 0x00000000ccb00000|  0%| F|  |TAMS 0x00000000cca00000, 0x00000000cca00000| Untracked 
|  63|0x00000000ccb00000, 0x00000000ccb00000, 0x00000000ccc00000|  0%| F|  |TAMS 0x00000000ccb00000, 0x00000000ccb00000| Untracked 
|  64|0x00000000ccc00000, 0x00000000ccc00000, 0x00000000ccd00000|  0%| F|  |TAMS 0x00000000ccc00000, 0x00000000ccc00000| Untracked 
|  65|0x00000000ccd00000, 0x00000000ccd00000, 0x00000000cce00000|  0%| F|  |TAMS 0x00000000ccd00000, 0x00000000ccd00000| Untracked 
|  66|0x00000000cce00000, 0x00000000cce00000, 0x00000000ccf00000|  0%| F|  |TAMS 0x00000000cce00000, 0x00000000cce00000| Untracked 
|  67|0x00000000ccf00000, 0x00000000ccf00000, 0x00000000cd000000|  0%| F|  |TAMS 0x00000000ccf00000, 0x00000000ccf00000| Untracked 
|  68|0x00000000cd000000, 0x00000000cd000000, 0x00000000cd100000|  0%| F|  |TAMS 0x00000000cd000000, 0x00000000cd000000| Untracked 
|  69|0x00000000cd100000, 0x00000000cd100000, 0x00000000cd200000|  0%| F|  |TAMS 0x00000000cd100000, 0x00000000cd100000| Untracked 
|  70|0x00000000cd200000, 0x00000000cd200000, 0x00000000cd300000|  0%| F|  |TAMS 0x00000000cd200000, 0x00000000cd200000| Untracked 
|  71|0x00000000cd300000, 0x00000000cd300000, 0x00000000cd400000|  0%| F|  |TAMS 0x00000000cd300000, 0x00000000cd300000| Untracked 
|  72|0x00000000cd400000, 0x00000000cd400000, 0x00000000cd500000|  0%| F|  |TAMS 0x00000000cd400000, 0x00000000cd400000| Untracked 
|  73|0x00000000cd500000, 0x00000000cd500000, 0x00000000cd600000|  0%| F|  |TAMS 0x00000000cd500000, 0x00000000cd500000| Untracked 
|  74|0x00000000cd600000, 0x00000000cd600000, 0x00000000cd700000|  0%| F|  |TAMS 0x00000000cd600000, 0x00000000cd600000| Untracked 

Card table byte_map: [0x000001e943020000,0x000001e9431e0000] _byte_map_base: 0x000001e9429da000

Marking Bits (Prev, Next): (CMBitMap*) 0x000001e92bfa44e0, (CMBitMap*) 0x000001e92bfa44a0
 Prev Bits: [0x000001e944170000, 0x000001e944f40000)
 Next Bits: [0x000001e9433a0000, 0x000001e944170000)

Polling page: 0x000001e92a690000

Metaspace:

Usage:
  Non-class:     68.63 MB used.
      Class:     11.04 MB used.
       Both:     79.68 MB used.

Virtual space:
  Non-class space:       72.00 MB reserved,      69.00 MB ( 96%) committed,  9 nodes.
      Class space:        1.00 GB reserved,      11.38 MB (  1%) committed,  1 nodes.
             Both:        1.07 GB reserved,      80.38 MB (  7%) committed. 

Chunk freelists:
   Non-Class:  2.72 MB
       Class:  656.00 KB
        Both:  3.36 MB

MaxMetaspaceSize: unlimited
CompressedClassSpaceSize: 1.00 GB
Initial GC threshold: 21.00 MB
Current GC threshold: 126.88 MB
CDS: on
MetaspaceReclaimPolicy: balanced
 - commit_granule_bytes: 65536.
 - commit_granule_words: 8192.
 - virtual_space_node_default_size: 1048576.
 - enlarge_chunks_in_place: 1.
 - new_chunks_are_fully_committed: 0.
 - uncommit_free_chunks: 1.
 - use_allocation_guard: 0.
 - handle_deallocations: 1.


Internal statistics:

num_allocs_failed_limit: 6.
num_arena_births: 1030.
num_arena_deaths: 0.
num_vsnodes_births: 10.
num_vsnodes_deaths: 0.
num_space_committed: 1286.
num_space_uncommitted: 0.
num_chunks_returned_to_freelist: 6.
num_chunks_taken_from_freelist: 3995.
num_chunk_merges: 6.
num_chunk_splits: 2908.
num_chunks_enlarged: 2283.
num_purges: 0.
num_inconsistent_stats: 0.

CodeHeap 'non-profiled nmethods': size=120000Kb used=4148Kb max_used=4148Kb free=115851Kb
 bounds [0x000001e93b310000, 0x000001e93b720000, 0x000001e942840000]
CodeHeap 'profiled nmethods': size=120000Kb used=11861Kb max_used=11861Kb free=108138Kb
 bounds [0x000001e933840000, 0x000001e9343e0000, 0x000001e93ad70000]
CodeHeap 'non-nmethods': size=5760Kb used=1400Kb max_used=1428Kb free=4359Kb
 bounds [0x000001e93ad70000, 0x000001e93afe0000, 0x000001e93b310000]
 total_blobs=6913 nmethods=6167 adapters=658
 compilation: enabled
              stopped_count=0, restarted_count=0
 full_count=0

Compilation events (20 events):
Event: 303.186 Thread 0x000001e9474a6950 6866       4       jdk.internal.misc.Unsafe::putIntOpaque (9 bytes)
Event: 303.205 Thread 0x000001e9474a6950 nmethod 6866 0x000001e93b71af10 code [0x000001e93b71b080, 0x000001e93b71b118]
Event: 303.997 Thread 0x000001e9474bac30 6867       3       org.springframework.boot.devtools.filewatch.DirectorySnapshot::<init> (70 bytes)
Event: 304.027 Thread 0x000001e9474bac30 nmethod 6867 0x000001e9343d0e90 code [0x000001e9343d1200, 0x000001e9343d28e8]
Event: 304.094 Thread 0x000001e9474a6950 6868       4       org.springframework.boot.devtools.filewatch.FileSnapshot::<init> (68 bytes)
Event: 304.136 Thread 0x000001e9474a6950 nmethod 6868 0x000001e93b71b210 code [0x000001e93b71b420, 0x000001e93b71c070]
Event: 304.511 Thread 0x000001e9474bac30 6869       3       org.springframework.boot.devtools.filewatch.FileSystemWatcher$Watcher::scan (63 bytes)
Event: 304.521 Thread 0x000001e9474bac30 nmethod 6869 0x000001e9343d3010 code [0x000001e9343d3220, 0x000001e9343d3668]
Event: 306.065 Thread 0x000001e9474bac30 6870       3       java.util.concurrent.ScheduledThreadPoolExecutor$ScheduledFutureTask::setNextRunTime (38 bytes)
Event: 306.072 Thread 0x000001e9474bac30 nmethod 6870 0x000001e9343d3810 code [0x000001e9343d39c0, 0x000001e9343d3bc8]
Event: 306.161 Thread 0x000001e9474bac30 6871       3       java.util.concurrent.ScheduledThreadPoolExecutor::reExecutePeriodic (49 bytes)
Event: 306.176 Thread 0x000001e9474bac30 nmethod 6871 0x000001e9343d3c90 code [0x000001e9343d3ea0, 0x000001e9343d4528]
Event: 307.108 Thread 0x000001e9474bac30 6872       3       java.util.concurrent.ScheduledThreadPoolExecutor$DelayedWorkQueue::siftDown (119 bytes)
Event: 307.140 Thread 0x000001e9474bac30 nmethod 6872 0x000001e9343d4790 code [0x000001e9343d4a00, 0x000001e9343d59f8]
Event: 317.345 Thread 0x000001e9474a6950 6873       4       java.util.concurrent.locks.AbstractQueuedSynchronizer$Node::setStatusRelaxed (12 bytes)
Event: 317.681 Thread 0x000001e9474a6950 nmethod 6873 0x000001e93b71c790 code [0x000001e93b71c900, 0x000001e93b71c978]
Event: 320.919 Thread 0x000001e9474a6950 6874       4       org.h2.mvstore.FileStore::isRewritable (39 bytes)
Event: 321.014 Thread 0x000001e9474a6950 nmethod 6874 0x000001e93b71ca90 code [0x000001e93b71cc20, 0x000001e93b71cd98]
Event: 325.424 Thread 0x000001e9474a6950 6875       4       java.util.concurrent.ConcurrentHashMap::sumCount (60 bytes)
Event: 325.478 Thread 0x000001e9474a6950 nmethod 6875 0x000001e93b71cf90 code [0x000001e93b71d100, 0x000001e93b71d238]

GC Heap History (20 events):
Event: 30.622 GC heap after
{Heap after GC invocations=26 (full 0):
 garbage-first heap   total 51200K, used 31785K [0x00000000c8c00000, 0x0000000100000000)
  region size 1024K, 2 young (2048K), 2 survivors (2048K)
 Metaspace       used 68498K, committed 69120K, reserved 1114112K
  class space    used 9325K, committed 9600K, reserved 1048576K
}
Event: 31.172 GC heap before
{Heap before GC invocations=27 (full 0):
 garbage-first heap   total 58368K, used 39977K [0x00000000c8c00000, 0x0000000100000000)
  region size 1024K, 11 young (11264K), 2 survivors (2048K)
 Metaspace       used 69458K, committed 70016K, reserved 1114112K
  class space    used 9464K, committed 9728K, reserved 1048576K
}
Event: 31.176 GC heap after
{Heap after GC invocations=28 (full 0):
 garbage-first heap   total 58368K, used 32972K [0x00000000c8c00000, 0x0000000100000000)
  region size 1024K, 2 young (2048K), 2 survivors (2048K)
 Metaspace       used 69458K, committed 70016K, reserved 1114112K
  class space    used 9464K, committed 9728K, reserved 1048576K
}
Event: 31.723 GC heap before
{Heap before GC invocations=28 (full 0):
 garbage-first heap   total 58368K, used 46284K [0x00000000c8c00000, 0x0000000100000000)
  region size 1024K, 15 young (15360K), 2 survivors (2048K)
 Metaspace       used 71181K, committed 71744K, reserved 1114112K
  class space    used 9703K, committed 9920K, reserved 1048576K
}
Event: 31.728 GC heap after
{Heap after GC invocations=29 (full 0):
 garbage-first heap   total 58368K, used 34410K [0x00000000c8c00000, 0x0000000100000000)
  region size 1024K, 2 young (2048K), 2 survivors (2048K)
 Metaspace       used 71181K, committed 71744K, reserved 1114112K
  class space    used 9703K, committed 9920K, reserved 1048576K
}
Event: 49.248 GC heap before
{Heap before GC invocations=30 (full 0):
 garbage-first heap   total 60416K, used 46698K [0x00000000c8c00000, 0x0000000100000000)
  region size 1024K, 14 young (14336K), 2 survivors (2048K)
 Metaspace       used 73419K, committed 74048K, reserved 1114112K
  class space    used 10039K, committed 10304K, reserved 1048576K
}
Event: 49.304 GC heap after
{Heap after GC invocations=31 (full 0):
 garbage-first heap   total 60416K, used 35001K [0x00000000c8c00000, 0x0000000100000000)
  region size 1024K, 1 young (1024K), 1 survivors (1024K)
 Metaspace       used 73419K, committed 74048K, reserved 1114112K
  class space    used 10039K, committed 10304K, reserved 1048576K
}
Event: 281.858 GC heap before
{Heap before GC invocations=31 (full 0):
 garbage-first heap   total 60416K, used 49337K [0x00000000c8c00000, 0x0000000100000000)
  region size 1024K, 15 young (15360K), 1 survivors (1024K)
 Metaspace       used 74613K, committed 75264K, reserved 1114112K
  class space    used 10174K, committed 10496K, reserved 1048576K
}
Event: 281.914 GC heap after
{Heap after GC invocations=32 (full 0):
 garbage-first heap   total 60416K, used 35211K [0x00000000c8c00000, 0x0000000100000000)
  region size 1024K, 1 young (1024K), 1 survivors (1024K)
 Metaspace       used 74613K, committed 75264K, reserved 1114112K
  class space    used 10174K, committed 10496K, reserved 1048576K
}
Event: 284.553 GC heap before
{Heap before GC invocations=33 (full 0):
 garbage-first heap   total 63488K, used 47499K [0x00000000c8c00000, 0x0000000100000000)
  region size 1024K, 14 young (14336K), 1 survivors (1024K)
 Metaspace       used 77291K, committed 77952K, reserved 1122304K
  class space    used 10700K, committed 11008K, reserved 1048576K
}
Event: 284.576 GC heap after
{Heap after GC invocations=34 (full 0):
 garbage-first heap   total 63488K, used 37123K [0x00000000c8c00000, 0x0000000100000000)
  region size 1024K, 2 young (2048K), 2 survivors (2048K)
 Metaspace       used 77291K, committed 77952K, reserved 1122304K
  class space    used 10700K, committed 11008K, reserved 1048576K
}
Event: 284.837 GC heap before
{Heap before GC invocations=34 (full 0):
 garbage-first heap   total 63488K, used 38147K [0x00000000c8c00000, 0x0000000100000000)
  region size 1024K, 3 young (3072K), 2 survivors (2048K)
 Metaspace       used 77316K, committed 77952K, reserved 1122304K
  class space    used 10702K, committed 11008K, reserved 1048576K
}
Event: 284.903 GC heap after
{Heap after GC invocations=35 (full 0):
 garbage-first heap   total 63488K, used 37481K [0x00000000c8c00000, 0x0000000100000000)
  region size 1024K, 1 young (1024K), 1 survivors (1024K)
 Metaspace       used 77316K, committed 77952K, reserved 1122304K
  class space    used 10702K, committed 11008K, reserved 1048576K
}
Event: 285.143 GC heap before
{Heap before GC invocations=35 (full 0):
 garbage-first heap   total 63488K, used 49769K [0x00000000c8c00000, 0x0000000100000000)
  region size 1024K, 13 young (13312K), 1 survivors (1024K)
 Metaspace       used 77329K, committed 77952K, reserved 1122304K
  class space    used 10702K, committed 11008K, reserved 1048576K
}
Event: 285.152 GC heap after
{Heap after GC invocations=36 (full 0):
 garbage-first heap   total 63488K, used 39055K [0x00000000c8c00000, 0x0000000100000000)
  region size 1024K, 2 young (2048K), 2 survivors (2048K)
 Metaspace       used 77329K, committed 77952K, reserved 1122304K
  class space    used 10702K, committed 11008K, reserved 1048576K
}
Event: 285.351 GC heap before
{Heap before GC invocations=37 (full 0):
 garbage-first heap   total 76800K, used 50319K [0x00000000c8c00000, 0x0000000100000000)
  region size 1024K, 13 young (13312K), 2 survivors (2048K)
 Metaspace       used 77344K, committed 77952K, reserved 1122304K
  class space    used 10702K, committed 11008K, reserved 1048576K
}
Event: 285.386 GC heap after
{Heap after GC invocations=38 (full 0):
 garbage-first heap   total 76800K, used 39368K [0x00000000c8c00000, 0x0000000100000000)
  region size 1024K, 1 young (1024K), 1 survivors (1024K)
 Metaspace       used 77344K, committed 77952K, reserved 1122304K
  class space    used 10702K, committed 11008K, reserved 1048576K
}
Event: 285.405 GC heap before
{Heap before GC invocations=38 (full 0):
 garbage-first heap   total 76800K, used 41416K [0x00000000c8c00000, 0x0000000100000000)
  region size 1024K, 3 young (3072K), 1 survivors (1024K)
 Metaspace       used 77344K, committed 77952K, reserved 1122304K
  class space    used 10703K, committed 11008K, reserved 1048576K
}
Event: 285.427 GC heap after
{Heap after GC invocations=39 (full 0):
 garbage-first heap   total 76800K, used 39323K [0x00000000c8c00000, 0x0000000100000000)
  region size 1024K, 1 young (1024K), 1 survivors (1024K)
 Metaspace       used 77344K, committed 77952K, reserved 1122304K
  class space    used 10703K, committed 11008K, reserved 1048576K
}
Event: 334.749 GC heap before
{Heap before GC invocations=39 (full 0):
 garbage-first heap   total 76800K, used 58779K [0x00000000c8c00000, 0x0000000100000000)
  region size 1024K, 21 young (21504K), 1 survivors (1024K)
 Metaspace       used 81587K, committed 82304K, reserved 1122304K
  class space    used 11309K, committed 11648K, reserved 1048576K
}

Deoptimization events (20 events):
Event: 285.403 Thread 0x000001e94c800260 Uncommon trap: trap_request=0xffffff45 fr.pc=0x000001e93b42a434 relative=0x00000000000002f4
Event: 285.403 Thread 0x000001e94c800260 Uncommon trap: reason=unstable_if action=reinterpret pc=0x000001e93b42a434 method=java.util.HashMap.getNode(Ljava/lang/Object;)Ljava/util/HashMap$Node; @ 66 c2
Event: 285.403 Thread 0x000001e94c800260 DEOPT PACKING pc=0x000001e93b42a434 sp=0x0000005bc84f72a0
Event: 285.403 Thread 0x000001e94c800260 DEOPT UNPACKING pc=0x000001e93adc23a3 sp=0x0000005bc84f7220 mode 2
Event: 287.251 Thread 0x000001e94c800260 Uncommon trap: trap_request=0xffffffde fr.pc=0x000001e93b4133bc relative=0x000000000000003c
Event: 287.251 Thread 0x000001e94c800260 Uncommon trap: reason=class_check action=maybe_recompile pc=0x000001e93b4133bc method=java.lang.StringConcatHelper.stringOf(Ljava/lang/Object;)Ljava/lang/String; @ 5 c2
Event: 287.251 Thread 0x000001e94c800260 DEOPT PACKING pc=0x000001e93b4133bc sp=0x0000005bc84fd040
Event: 287.251 Thread 0x000001e94c800260 DEOPT UNPACKING pc=0x000001e93adc23a3 sp=0x0000005bc84fcfd0 mode 2
Event: 287.847 Thread 0x000001e9489f2890 Uncommon trap: trap_request=0xffffff45 fr.pc=0x000001e93b686a98 relative=0x0000000000000bf8
Event: 287.847 Thread 0x000001e9489f2890 Uncommon trap: reason=unstable_if action=reinterpret pc=0x000001e93b686a98 method=org.h2.mvstore.MVStore.hasUnsavedChanges()Z @ 63 c2
Event: 287.848 Thread 0x000001e9489f2890 DEOPT PACKING pc=0x000001e93b686a98 sp=0x0000005bc7aff370
Event: 287.848 Thread 0x000001e9489f2890 DEOPT UNPACKING pc=0x000001e93adc23a3 sp=0x0000005bc7aff338 mode 2
Event: 288.378 Thread 0x000001e9489f2890 Uncommon trap: trap_request=0xffffff45 fr.pc=0x000001e93b67be24 relative=0x0000000000000184
Event: 288.378 Thread 0x000001e9489f2890 Uncommon trap: reason=unstable_if action=reinterpret pc=0x000001e93b67be24 method=org.h2.mvstore.RootReference.hasChangesSince(JZ)Z @ 39 c2
Event: 288.378 Thread 0x000001e9489f2890 DEOPT PACKING pc=0x000001e93b67be24 sp=0x0000005bc7aff2b0
Event: 288.378 Thread 0x000001e9489f2890 DEOPT UNPACKING pc=0x000001e93adc23a3 sp=0x0000005bc7aff240 mode 2
Event: 288.547 Thread 0x000001e9489f2890 Uncommon trap: trap_request=0xffffff45 fr.pc=0x000001e93b6888b0 relative=0x00000000000000b0
Event: 288.547 Thread 0x000001e9489f2890 Uncommon trap: reason=unstable_if action=reinterpret pc=0x000001e93b6888b0 method=org.h2.mvstore.Chunk.isEvacuatable()Z @ 4 c2
Event: 288.547 Thread 0x000001e9489f2890 DEOPT PACKING pc=0x000001e93b6888b0 sp=0x0000005bc7aff360
Event: 288.547 Thread 0x000001e9489f2890 DEOPT UNPACKING pc=0x000001e93adc23a3 sp=0x0000005bc7aff298 mode 2

Classes unloaded (0 events):
No events

Classes redefined (0 events):
No events

Internal exceptions (20 events):
Event: 31.088 Thread 0x000001e9489b8040 Exception <a 'sun/nio/fs/WindowsException'{0x00000000cbe82138}> (0x00000000cbe82138) 
thrown [s\open\src\hotspot\share\prims\jni.cpp, line 516]
Event: 31.234 Thread 0x000001e9489b8040 Exception <a 'java/lang/IncompatibleClassChangeError'{0x00000000cc3a1f80}: Found class java.lang.Object, but interface was expected> (0x00000000cc3a1f80) 
thrown [s\open\src\hotspot\share\interpreter\linkResolver.cpp, line 826]
Event: 31.280 Thread 0x000001e9489b8040 Implicit null exception at 0x000001e93b44513d to 0x000001e93b4451f6
Event: 31.569 Thread 0x000001e9489b8040 Exception <a 'java/lang/IncompatibleClassChangeError'{0x00000000cb95a480}: Found class java.lang.Object, but interface was expected> (0x00000000cb95a480) 
thrown [s\open\src\hotspot\share\interpreter\linkResolver.cpp, line 826]
Event: 31.589 Thread 0x000001e9489b8040 Implicit null exception at 0x000001e93b461e14 to 0x000001e93b461e80
Event: 31.640 Thread 0x000001e9489b8040 Exception <a 'java/lang/NoSuchMethodError'{0x00000000cb70e1e0}: 'java.lang.Object java.lang.invoke.DirectMethodHandle$Holder.invokeSpecial(java.lang.Object, java.lang.Object, java.lang.Object, java.lang.Object, java.lang.Object, java.lang.Object, java.lang.Object, java.lang.Object, java.lang.Object, java.lang.Object, java.lang.Object)'> (0x00000000cb70e1e0) 
thrown [s\open\src\hotspot\share\interpreter\linkResolver.cpp, line 759]
Event: 31.641 Thread 0x000001e9489b8040 Exception <a 'java/lang/NoSuchMethodError'{0x00000000cb7125c8}: 'java.lang.Object java.lang.invoke.Invokers$Holder.invoke_MT(java.lang.Object, java.lang.Object, java.lang.Object, java.lang.Object, java.lang.Object, java.lang.Object, java.lang.Object, java.lang.Object, java.lang.Object, java.lang.Object, java.lang.Object)'> (0x00000000cb7125c8) 
thrown [s\open\src\hotspot\share\interpreter\linkResolver.cpp, line 759]
Event: 31.949 Thread 0x000001e9489b8040 Exception <a 'java/lang/NoSuchMethodError'{0x00000000cc317d58}: 'void java.lang.invoke.DirectMethodHandle$Holder.invokeSpecial(java.lang.Object, java.lang.Object, int)'> (0x00000000cc317d58) 
thrown [s\open\src\hotspot\share\interpreter\linkResolver.cpp, line 759]
Event: 31.959 Thread 0x000001e9489b8040 Exception <a 'java/lang/NoSuchMethodError'{0x00000000cc34d920}: 'java.lang.Object java.lang.invoke.DirectMethodHandle$Holder.newInvokeSpecial(java.lang.Object, java.lang.Object, int, java.lang.Object, java.lang.Object)'> (0x00000000cc34d920) 
thrown [s\open\src\hotspot\share\interpreter\linkResolver.cpp, line 759]
Event: 33.336 Thread 0x000001e94ce7e540 Exception <a 'java/lang/NoSuchMethodError'{0x00000000cbc25658}: 'java.lang.Object java.lang.invoke.Invokers$Holder.linkToTargetMethod(java.lang.Object, java.lang.Object, java.lang.Object, java.lang.Object, int, java.lang.Object)'> (0x00000000cbc25658) 
thrown [s\open\src\hotspot\share\interpreter\linkResolver.cpp, line 759]
Event: 279.404 Thread 0x000001e94ce7eee0 Exception <a 'java/lang/NoSuchMethodError'{0x00000000cbc5a958}: 'java.lang.Object java.lang.invoke.DirectMethodHandle$Holder.invokeStaticInit(java.lang.Object, java.lang.Object, java.lang.Object, int, int)'> (0x00000000cbc5a958) 
thrown [s\open\src\hotspot\share\interpreter\linkResolver.cpp, line 759]
Event: 281.133 Thread 0x000001e94c800260 Exception <a 'java/lang/NoSuchMethodError'{0x00000000cbbe60d0}: 'java.lang.Object java.lang.invoke.DirectMethodHandle$Holder.invokeSpecial(java.lang.Object, java.lang.Object, java.lang.Object, java.lang.Object, java.lang.Object, long)'> (0x00000000cbbe60d0) 
thrown [s\open\src\hotspot\share\interpreter\linkResolver.cpp, line 759]
Event: 281.134 Thread 0x000001e94c800260 Exception <a 'java/lang/NoSuchMethodError'{0x00000000cbbe9ac8}: 'java.lang.Object java.lang.invoke.Invokers$Holder.linkToTargetMethod(java.lang.Object, java.lang.Object, java.lang.Object, long, java.lang.Object)'> (0x00000000cbbe9ac8) 
thrown [s\open\src\hotspot\share\interpreter\linkResolver.cpp, line 759]
Event: 286.235 Thread 0x000001e94c800260 Exception <a 'java/lang/IncompatibleClassChangeError'{0x00000000cce3b660}: Found class java.lang.Object, but interface was expected> (0x00000000cce3b660) 
thrown [s\open\src\hotspot\share\interpreter\linkResolver.cpp, line 826]
Event: 286.488 Thread 0x000001e94c800260 Exception <a 'java/lang/NoSuchMethodError'{0x00000000ccc12240}: 'void java.lang.invoke.DirectMethodHandle$Holder.invokeSpecialIFC(java.lang.Object, java.lang.Object, int, java.lang.Object, java.lang.Object, java.lang.Object, java.lang.Object)'> (0x00000000ccc12240) 
thrown [s\open\src\hotspot\share\interpreter\linkResolver.cpp, line 759]
Event: 287.245 Thread 0x000001e94c800260 Exception <a 'sun/nio/fs/WindowsException'{0x00000000ccbcacf8}> (0x00000000ccbcacf8) 
thrown [s\open\src\hotspot\share\prims\jni.cpp, line 516]
Event: 287.781 Thread 0x000001e94c800260 Exception <a 'java/lang/NoSuchMethodError'{0x00000000cc91fae8}: 'int java.lang.invoke.DirectMethodHandle$Holder.invokeStatic(java.lang.Object, java.lang.Object, int, int)'> (0x00000000cc91fae8) 
thrown [s\open\src\hotspot\share\interpreter\linkResolver.cpp, line 759]
Event: 289.044 Thread 0x000001e94c800260 Exception <a 'java/lang/NoSuchMethodError'{0x00000000cc6c2830}: 'java.lang.Object java.lang.invoke.DelegatingMethodHandle$Holder.reinvoke_L(java.lang.Object, java.lang.Object, long, java.lang.Object, java.lang.Object, java.lang.Object, java.lang.Object, java.lang.Object, java.lang.Object, java.lang.Object, java.lang.Object, java.lang.Object, java.lang.Object, java.lang.Object, java.lang.Object, long, java.lang.Object, java.lang.Object, java.lang.Object, java.lang.Object, java.lang.Object, java.lang.Object,
Event: 289.078 Thread 0x000001e94c800260 Exception <a 'java/lang/NoSuchMethodError'{0x00000000cc567f30}: 'java.lang.Object java.lang.invoke.DirectMethodHandle$Holder.invokeSpecial(java.lang.Object, java.lang.Object, long, java.lang.Object, java.lang.Object, java.lang.Object, java.lang.Object, java.lang.Object, java.lang.Object, java.lang.Object, java.lang.Object, java.lang.Object, java.lang.Object, java.lang.Object, java.lang.Object, long, java.lang.Object, java.lang.Object, java.lang.Object, java.lang.Object, java.lang.Object, java.lang.Object, 
Event: 289.079 Thread 0x000001e94c800260 Exception <a 'java/lang/NoSuchMethodError'{0x00000000cc56e060}: 'java.lang.Object java.lang.invoke.DelegatingMethodHandle$Holder.reinvoke_L(java.lang.Object, long, java.lang.Object, java.lang.Object, java.lang.Object, java.lang.Object, java.lang.Object, java.lang.Object, java.lang.Object, java.lang.Object, java.lang.Object, java.lang.Object, java.lang.Object, java.lang.Object, long, java.lang.Object, java.lang.Object, java.lang.Object, java.lang.Object, java.lang.Object, java.lang.Object, java.lang.Object,

VM Operations (20 events):
Event: 285.302 Executing VM operation: G1Concurrent done
Event: 285.340 Executing VM operation: HandshakeAllThreads
Event: 285.340 Executing VM operation: HandshakeAllThreads done
Event: 285.351 Executing VM operation: G1CollectForAllocation
Event: 285.386 Executing VM operation: G1CollectForAllocation done
Event: 285.405 Executing VM operation: G1CollectForAllocation
Event: 285.427 Executing VM operation: G1CollectForAllocation done
Event: 286.429 Executing VM operation: Cleanup
Event: 286.429 Executing VM operation: Cleanup done
Event: 287.415 Executing VM operation: HandshakeAllThreads
Event: 287.415 Executing VM operation: HandshakeAllThreads done
Event: 288.422 Executing VM operation: Cleanup
Event: 288.422 Executing VM operation: Cleanup done
Event: 289.203 Executing VM operation: HandshakeAllThreads
Event: 289.203 Executing VM operation: HandshakeAllThreads done
Event: 289.218 Executing VM operation: HandshakeAllThreads
Event: 289.218 Executing VM operation: HandshakeAllThreads done
Event: 290.232 Executing VM operation: Cleanup
Event: 290.233 Executing VM operation: Cleanup done
Event: 334.744 Executing VM operation: G1CollectForAllocation

Events (20 events):
Event: 287.109 loading class jdk/internal/math/FormattedFloatingDecimal
Event: 287.112 loading class jdk/internal/math/FormattedFloatingDecimal done
Event: 287.112 loading class jdk/internal/math/FormattedFloatingDecimal$1
Event: 287.118 loading class jdk/internal/math/FormattedFloatingDecimal$1 done
Event: 287.124 loading class jdk/internal/math/FormattedFloatingDecimal$2
Event: 287.124 loading class jdk/internal/math/FormattedFloatingDecimal$2 done
Event: 287.295 loading class java/nio/channels/Channels$1
Event: 287.298 loading class java/nio/channels/Channels$1 done
Event: 288.251 loading class java/util/stream/LongStream
Event: 288.253 loading class java/util/stream/LongStream done
Event: 288.253 loading class java/util/stream/DoubleStream
Event: 288.255 loading class java/util/stream/DoubleStream done
Event: 288.333 loading class org/w3c/dom/Node
Event: 288.335 loading class org/w3c/dom/Node done
Event: 288.335 loading class org/w3c/dom/Document
Event: 288.338 loading class org/w3c/dom/Document done
Event: 289.187 loading class java/time/format/DateTimeFormatterBuilder$ZoneTextPrinterParser
Event: 289.197 loading class java/time/format/DateTimeFormatterBuilder$ZoneTextPrinterParser done
Event: 289.197 loading class java/time/format/DateTimeFormatterBuilder$ReducedPrinterParser
Event: 289.202 loading class java/time/format/DateTimeFormatterBuilder$ReducedPrinterParser done


Dynamic libraries:
0x00007ff7b9ef0000 - 0x00007ff7b9f00000 	C:\Program Files\Java\jdk-17\bin\java.exe
0x00007ff9dabc0000 - 0x00007ff9dae28000 	C:\WINDOWS\SYSTEM32\ntdll.dll
0x00007ff9d95c0000 - 0x00007ff9d9689000 	C:\WINDOWS\System32\KERNEL32.DLL
0x00007ff9d7ff0000 - 0x00007ff9d83e2000 	C:\WINDOWS\System32\KERNELBASE.dll
0x00007ff9d8810000 - 0x00007ff9d895b000 	C:\WINDOWS\System32\ucrtbase.dll
0x00007ff9b9a80000 - 0x00007ff9b9a99000 	C:\Program Files\Java\jdk-17\bin\jli.dll
0x00007ff9d9d30000 - 0x00007ff9d9de4000 	C:\WINDOWS\System32\ADVAPI32.dll
0x00007ff9d2800000 - 0x00007ff9d281b000 	C:\Program Files\Java\jdk-17\bin\VCRUNTIME140.dll
0x00007ff9d9df0000 - 0x00007ff9d9e99000 	C:\WINDOWS\System32\msvcrt.dll
0x00007ff9daad0000 - 0x00007ff9dab76000 	C:\WINDOWS\System32\sechost.dll
0x00007ff9da620000 - 0x00007ff9da738000 	C:\WINDOWS\System32\RPCRT4.dll
0x00007ff9d8c20000 - 0x00007ff9d8de5000 	C:\WINDOWS\System32\USER32.dll
0x00007ff9d8960000 - 0x00007ff9d8987000 	C:\WINDOWS\System32\win32u.dll
0x00007ff9c72c0000 - 0x00007ff9c7553000 	C:\WINDOWS\WinSxS\amd64_microsoft.windows.common-controls_6595b64144ccf1df_6.0.26100.6899_none_3e0efeeae32e88c1\COMCTL32.dll
0x00007ff9da590000 - 0x00007ff9da5bb000 	C:\WINDOWS\System32\GDI32.dll
0x00007ff9d8630000 - 0x00007ff9d875d000 	C:\WINDOWS\System32\gdi32full.dll
0x00007ff9d8760000 - 0x00007ff9d8803000 	C:\WINDOWS\System32\msvcp_win.dll
0x00007ff9d0d30000 - 0x00007ff9d0d3b000 	C:\WINDOWS\SYSTEM32\VERSION.dll
0x00007ff9da5e0000 - 0x00007ff9da60f000 	C:\WINDOWS\System32\IMM32.DLL
0x00007ff9d2850000 - 0x00007ff9d285c000 	C:\Program Files\Java\jdk-17\bin\vcruntime140_1.dll
0x00007ff9b9ae0000 - 0x00007ff9b9b6e000 	C:\Program Files\Java\jdk-17\bin\msvcp140.dll
0x00007ff9299f0000 - 0x00007ff92a5cd000 	C:\Program Files\Java\jdk-17\bin\server\jvm.dll
0x00007ff9da740000 - 0x00007ff9da748000 	C:\WINDOWS\System32\PSAPI.DLL
0x00007ff9d0cf0000 - 0x00007ff9d0d25000 	C:\WINDOWS\SYSTEM32\WINMM.dll
0x00007ff9bf890000 - 0x00007ff9bf89a000 	C:\WINDOWS\SYSTEM32\WSOCK32.dll
0x00007ff9d89f0000 - 0x00007ff9d8a64000 	C:\WINDOWS\System32\WS2_32.dll
0x00007ff9d6b20000 - 0x00007ff9d6b3b000 	C:\WINDOWS\SYSTEM32\kernel.appcore.dll
0x00007ff9ce280000 - 0x00007ff9ce28a000 	C:\Program Files\Java\jdk-17\bin\jimage.dll
0x00007ff9d5560000 - 0x00007ff9d57a2000 	C:\WINDOWS\SYSTEM32\DBGHELP.DLL
0x00007ff9da750000 - 0x00007ff9daacb000 	C:\WINDOWS\System32\combase.dll
0x00007ff9d98d0000 - 0x00007ff9d99a7000 	C:\WINDOWS\System32\OLEAUT32.dll
0x00007ff9c53f0000 - 0x00007ff9c542c000 	C:\WINDOWS\SYSTEM32\dbgcore.DLL
0x00007ff9d7f50000 - 0x00007ff9d7fe8000 	C:\WINDOWS\System32\bcryptPrimitives.dll
0x00007ff9cc620000 - 0x00007ff9cc62e000 	C:\Program Files\Java\jdk-17\bin\instrument.dll
0x00007ff9ce230000 - 0x00007ff9ce255000 	C:\Program Files\Java\jdk-17\bin\java.dll
0x00007ff9bb570000 - 0x00007ff9bb647000 	C:\Program Files\Java\jdk-17\bin\jsvml.dll
0x00007ff9d8df0000 - 0x00007ff9d953d000 	C:\WINDOWS\System32\SHELL32.dll
0x00007ff9d7d50000 - 0x00007ff9d7ebb000 	C:\WINDOWS\System32\wintypes.dll
0x00007ff9d59e0000 - 0x00007ff9d623d000 	C:\WINDOWS\SYSTEM32\windows.storage.dll
0x00007ff9d96a0000 - 0x00007ff9d9792000 	C:\WINDOWS\System32\SHCORE.dll
0x00007ff9d97a0000 - 0x00007ff9d9802000 	C:\WINDOWS\System32\shlwapi.dll
0x00007ff9d7c70000 - 0x00007ff9d7c99000 	C:\WINDOWS\SYSTEM32\profapi.dll
0x00007ff9bd070000 - 0x00007ff9bd088000 	C:\Program Files\Java\jdk-17\bin\zip.dll
0x00007ff9cb3a0000 - 0x00007ff9cb3b9000 	C:\Program Files\Java\jdk-17\bin\net.dll
0x00007ff9ce010000 - 0x00007ff9ce12f000 	C:\WINDOWS\SYSTEM32\WINHTTP.dll
0x00007ff9d7090000 - 0x00007ff9d70fb000 	C:\WINDOWS\system32\mswsock.dll
0x00007ff9bd090000 - 0x00007ff9bd0a6000 	C:\Program Files\Java\jdk-17\bin\nio.dll
0x00007ff9ce220000 - 0x00007ff9ce22a000 	C:\Program Files\Java\jdk-17\bin\management.dll
0x00007ff9c9e90000 - 0x00007ff9c9e9b000 	C:\Program Files\Java\jdk-17\bin\management_ext.dll
0x00007ff9ce200000 - 0x00007ff9ce20d000 	C:\Program Files\Java\jdk-17\bin\sunmscapi.dll
0x00007ff9d83f0000 - 0x00007ff9d8567000 	C:\WINDOWS\System32\CRYPT32.dll
0x00007ff9d7560000 - 0x00007ff9d7590000 	C:\WINDOWS\SYSTEM32\ncrypt.dll
0x00007ff9d7510000 - 0x00007ff9d754f000 	C:\WINDOWS\SYSTEM32\NTASN1.dll
0x00007ff9d7340000 - 0x00007ff9d735b000 	C:\WINDOWS\SYSTEM32\CRYPTSP.dll
0x00007ff9d6a80000 - 0x00007ff9d6abb000 	C:\WINDOWS\system32\rsaenh.dll
0x00007ff9d7130000 - 0x00007ff9d715b000 	C:\WINDOWS\SYSTEM32\USERENV.dll
0x00007ff9d7c40000 - 0x00007ff9d7c66000 	C:\WINDOWS\SYSTEM32\bcrypt.dll
0x00007ff9d7360000 - 0x00007ff9d736c000 	C:\WINDOWS\SYSTEM32\CRYPTBASE.dll
0x00007ff9d6590000 - 0x00007ff9d65c4000 	C:\WINDOWS\SYSTEM32\IPHLPAPI.DLL
0x00007ff9d89e0000 - 0x00007ff9d89ea000 	C:\WINDOWS\System32\NSI.dll
0x00007ff9cdf80000 - 0x00007ff9cdf9e000 	C:\WINDOWS\SYSTEM32\dhcpcsvc6.DLL
0x00007ff9cdf00000 - 0x00007ff9cdf23000 	C:\WINDOWS\SYSTEM32\dhcpcsvc.DLL
0x00007ff9d6630000 - 0x00007ff9d6756000 	C:\WINDOWS\SYSTEM32\DNSAPI.dll
0x00007ff9ce270000 - 0x00007ff9ce280000 	C:\Program Files\Java\jdk-17\bin\verify.dll
0x00007ff9c9480000 - 0x00007ff9c9488000 	C:\WINDOWS\system32\wshunix.dll
0x00007ff9cdfb0000 - 0x00007ff9cdfbb000 	C:\Windows\System32\rasadhlp.dll
0x00007ff9cc4e0000 - 0x00007ff9cc566000 	C:\WINDOWS\System32\fwpuclnt.dll

dbghelp: loaded successfully - version: 4.0.5 - missing functions: none
symbol engine: initialized successfully - sym options: 0x614 - pdb path: .;C:\Program Files\Java\jdk-17\bin;C:\WINDOWS\SYSTEM32;C:\WINDOWS\WinSxS\amd64_microsoft.windows.common-controls_6595b64144ccf1df_6.0.26100.6899_none_3e0efeeae32e88c1;C:\Program Files\Java\jdk-17\bin\server

VM Arguments:
jvm_args: -javaagent:C:\Program Files\JetBrains\IntelliJ IDEA Community Edition 2025.2.4\lib\idea_rt.jar=55699 -Dfile.encoding=UTF-8 
java_command: co.edu.unicauca.document_management.DocumentManagementApplication
java_class_path (initial): C:\Users\usuario\OneDrive - unicauca.edu.co\ING SISTEMAS\SEMESTRE 7\Ingenieria de Software II\document_management\target\classes;C:\Users\usuario\.m2\repository\org\springframework\boot\spring-boot-starter-data-jpa\3.5.6\spring-boot-starter-data-jpa-3.5.6.jar;C:\Users\usuario\.m2\repository\org\springframework\boot\spring-boot-starter\3.5.6\spring-boot-starter-3.5.6.jar;C:\Users\usuario\.m2\repository\org\springframework\boot\spring-boot-starter-logging\3.5.6\spring-boot-starter-logging-3.5.6.jar;C:\Users\usuario\.m2\repository\ch\qos\logback\logback-classic\1.5.18\logback-classic-1.5.18.jar;C:\Users\usuario\.m2\repository\ch\qos\logback\logback-core\1.5.18\logback-core-1.5.18.jar;C:\Users\usuario\.m2\repository\org\apache\logging\log4j\log4j-to-slf4j\2.24.3\log4j-to-slf4j-2.24.3.jar;C:\Users\usuario\.m2\repository\org\apache\logging\log4j\log4j-api\2.24.3\log4j-api-2.24.3.jar;C:\Users\usuario\.m2\repository\org\slf4j\jul-to-slf4j\2.0.17\jul-to-slf4j-2.0.17.jar;C:\Users\usuario\.m2\repository\jakarta\annotation\jakarta.annotation-api\2.1.1\jakarta.annotation-api-2.1.1.jar;C:\Users\usuario\.m2\repository\org\yaml\snakeyaml\2.4\snakeyaml-2.4.jar;C:\Users\usuario\.m2\repository\org\springframework\boot\spring-boot-starter-jdbc\3.5.6\spring-boot-starter-jdbc-3.5.6.jar;C:\Users\usuario\.m2\repository\com\zaxxer\HikariCP\6.3.3\HikariCP-6.3.3.jar;C:\Users\usuario\.m2\repository\org\springframework\spring-jdbc\6.2.11\spring-jdbc-6.2.11.jar;C:\Users\usuario\.m2\repository\org\hibernate\orm\hibernate-core\6.6.29.Final\hibernate-core-6.6.29.Final.jar;C:\Users\usuario\.m2\repository\jakarta\persistence\jakarta.persistence-api\3.1.0\jakarta.persistence-api-3.1.0.jar;C:\Users\usuario\.m2\repository\jakarta\transaction\jakarta.transaction-api\2.0.1\jakarta.transaction-api-2.0.1.jar;C:\Users\usuario\.m2\repository\org\jboss\logging\jboss-logging\3.6.1.Final\jboss-logging-3.6.1.Final.jar;C:\Users\usuario\.m2\repository\org\hibernate\common\hibernate-comm
Launcher Type: SUN_STANDARD

[Global flags]
     intx CICompilerCount                          = 3                                         {product} {ergonomic}
     uint ConcGCThreads                            = 1                                         {product} {ergonomic}
     uint G1ConcRefinementThreads                  = 4                                         {product} {ergonomic}
   size_t G1HeapRegionSize                         = 1048576                                   {product} {ergonomic}
    uintx GCDrainStackTargetSize                   = 64                                        {product} {ergonomic}
   size_t InitialHeapSize                          = 58720256                                  {product} {ergonomic}
   size_t MarkStackSize                            = 4194304                                   {product} {ergonomic}
   size_t MaxHeapSize                              = 926941184                                 {product} {ergonomic}
   size_t MaxNewSize                               = 555745280                                 {product} {ergonomic}
   size_t MinHeapDeltaBytes                        = 1048576                                   {product} {ergonomic}
   size_t MinHeapSize                              = 8388608                                   {product} {ergonomic}
    uintx NonNMethodCodeHeapSize                   = 5832780                                {pd product} {ergonomic}
    uintx NonProfiledCodeHeapSize                  = 122912730                              {pd product} {ergonomic}
    uintx ProfiledCodeHeapSize                     = 122912730                              {pd product} {ergonomic}
    uintx ReservedCodeCacheSize                    = 251658240                              {pd product} {ergonomic}
     bool SegmentedCodeCache                       = true                                      {product} {ergonomic}
   size_t SoftMaxHeapSize                          = 926941184                              {manageable} {ergonomic}
     bool UseCompressedClassPointers               = true                           {product lp64_product} {ergonomic}
     bool UseCompressedOops                        = true                           {product lp64_product} {ergonomic}
     bool UseG1GC                                  = true                                      {product} {ergonomic}
     bool UseLargePagesIndividualAllocation        = false                                  {pd product} {ergonomic}

Logging:
Log output configuration:
 #0: stdout all=warning uptime,level,tags
 #1: stderr all=off uptime,level,tags

Environment Variables:
JAVA_HOME=C:\Program Files\Java\jdk-20.0.1
PATH=C:\Program Files (x86)\Common Files\Oracle\Java\java8path;C:\Program Files (x86)\Common Files\Oracle\Java\javapath;C:\Program Files\cdrtools;C:\WINDOWS\system32;C:\WINDOWS;C:\WINDOWS\System32\Wbem;C:\WINDOWS\System32\WindowsPowerShell\v1.0\;C:\WINDOWS\System32\OpenSSH\;C:\Program Files\nodejs\;C:\ProgramData\chocolatey\bin;C:\instantclient_23_8\;C:\Users\usuario\AppData\Local\Programs\Python\Python311\Scripts\;C:\Users\usuario\AppData\Local\Programs\Python\Python311\;C:\Users\usuario\.console-ninja\.bin;C:\Users\usuario\AppData\Local\Programs\Python\Python310\Scripts\;C:\Users\usuario\AppData\Local\Programs\Python\Python310\;C:\Program Files\MySQL\MySQL Shell 8.0\bin\;C:\Users\usuario\AppData\Local\Microsoft\WindowsApps;C:\Program Files\JetBrains\IntelliJ IDEA Community Edition 2023.1\bin;C:\Program Files\heroku\bin;C:\Users\usuario\AppData\Local\Programs\Microsoft VS Code\bin;C:\Users\usuario\AppData\Local\GitHubDesktop\bin;C:\Users\usuario\.dotnet\tools;C:\msys32\mingw32\bin;C:\msys32\usr\bin;C:\qemu;C:\bochs\bin;C:\Program Files (x86)\cdrtools;C:\cross-gcc\bin;C:\ Program Files\Oracle\VirtualBox;;C:\Users\usuario\AppData\Local\Microsoft\WindowsApps;C:\Users\usuario\AppData\Roaming\npm;C:\Users\usuario\AppData\Local\Programs\cursor\resources\app\bin
USERNAME=edwin
OS=Windows_NT
PROCESSOR_IDENTIFIER=AMD64 Family 23 Model 24 Stepping 1, AuthenticAMD



---------------  S Y S T E M  ---------------

OS:
 Windows 11 , 64 bit Build 26100 (10.0.26100.6725)
OS uptime: 1 days 3:04 hours

CPU: total 4 (initial active 4) (4 cores per cpu, 2 threads per core) family 23 model 24 stepping 1 microcode 0x8108109, cx8, cmov, fxsr, ht, mmx, 3dnowpref, sse, sse2, sse3, ssse3, sse4a, sse4.1, sse4.2, popcnt, lzcnt, tsc, tscinvbit, avx, avx2, aes, clmul, bmi1, bmi2, adx, sha, fma, vzeroupper, clflush, clflushopt

Memory: 4k page, system-wide physical 3534M (290M free)
TotalPageFile size 14286M (AvailPageFile size 71M)
current process WorkingSet (physical memory assigned to process): 35M, peak: 216M
current process commit charge ("private bytes"): 285M, peak: 435M

vm_info: Java HotSpot(TM) 64-Bit Server VM (17.0.7+8-LTS-224) for windows-amd64 JRE (17.0.7+8-LTS-224), built on Feb 28 2023 23:03:02 by "mach5one" with MS VC++ 17.1 (VS2022)

END.
